This file contains any messages produced by compilers while
running configure, to aid debugging if configure makes a mistake.

It was created by iTETRIS ITS Cooperative Demo Application configure 0.1.0, which was
generated by GNU Autoconf 2.68.  Invocation command line was

  $ ./configure --with-xerces-libraries=/usr/local/lib --with-xerces-includes=/usr/local/include/xercesc

## --------- ##
## Platform. ##
## --------- ##

hostname = ubuntu
uname -m = x86_64
uname -r = 3.11.0-26-generic
uname -s = Linux
uname -v = #45~precise1-Ubuntu SMP Tue Jul 15 04:02:35 UTC 2014

/usr/bin/uname -p = unknown
/bin/uname -X     = unknown

/bin/arch              = unknown
/usr/bin/arch -k       = unknown
/usr/convex/getsysinfo = unknown
/usr/bin/hostinfo      = unknown
/bin/machine           = unknown
/usr/bin/oslevel       = unknown
/bin/universe          = unknown

PATH: /usr/local/sbin
PATH: /usr/local/bin
PATH: /usr/sbin
PATH: /usr/bin
PATH: /sbin
PATH: /bin
PATH: /usr/games


## ----------- ##
## Core tests. ##
## ----------- ##

configure:2442: checking build system type
configure:2456: result: x86_64-unknown-linux-gnu
configure:2476: checking host system type
configure:2489: result: x86_64-unknown-linux-gnu
configure:2509: checking target system type
configure:2522: result: x86_64-unknown-linux-gnu
configure:2569: checking for a BSD-compatible install
configure:2637: result: /usr/bin/install -c
configure:2648: checking whether build environment is sane
configure:2698: result: yes
configure:2839: checking for a thread-safe mkdir -p
configure:2878: result: /bin/mkdir -p
configure:2891: checking for gawk
configure:2921: result: no
configure:2891: checking for mawk
configure:2907: found /usr/bin/mawk
configure:2918: result: mawk
configure:2929: checking whether make sets $(MAKE)
configure:2951: result: yes
configure:3061: checking for style of include used by make
configure:3089: result: GNU
configure:3160: checking for gcc
configure:3176: found /usr/bin/gcc
configure:3187: result: gcc
configure:3416: checking for C compiler version
configure:3425: gcc --version >&5
gcc (Ubuntu/Linaro 4.6.3-1ubuntu5) 4.6.3
Copyright (C) 2011 Free Software Foundation, Inc.
This is free software; see the source for copying conditions.  There is NO
warranty; not even for MERCHANTABILITY or FITNESS FOR A PARTICULAR PURPOSE.

configure:3436: $? = 0
configure:3425: gcc -v >&5
Using built-in specs.
COLLECT_GCC=gcc
COLLECT_LTO_WRAPPER=/usr/lib/gcc/x86_64-linux-gnu/4.6/lto-wrapper
Target: x86_64-linux-gnu
Configured with: ../src/configure -v --with-pkgversion='Ubuntu/Linaro 4.6.3-1ubuntu5' --with-bugurl=file:///usr/share/doc/gcc-4.6/README.Bugs --enable-languages=c,c++,fortran,objc,obj-c++ --prefix=/usr --program-suffix=-4.6 --enable-shared --enable-linker-build-id --with-system-zlib --libexecdir=/usr/lib --without-included-gettext --enable-threads=posix --with-gxx-include-dir=/usr/include/c++/4.6 --libdir=/usr/lib --enable-nls --with-sysroot=/ --enable-clocale=gnu --enable-libstdcxx-debug --enable-libstdcxx-time=yes --enable-gnu-unique-object --enable-plugin --enable-objc-gc --disable-werror --with-arch-32=i686 --with-tune=generic --enable-checking=release --build=x86_64-linux-gnu --host=x86_64-linux-gnu --target=x86_64-linux-gnu
Thread model: posix
gcc version 4.6.3 (Ubuntu/Linaro 4.6.3-1ubuntu5) 
configure:3436: $? = 0
configure:3425: gcc -V >&5
gcc: error: unrecognized option '-V'
gcc: fatal error: no input files
compilation terminated.
configure:3436: $? = 4
configure:3425: gcc -qversion >&5
gcc: error: unrecognized option '-qversion'
gcc: fatal error: no input files
compilation terminated.
configure:3436: $? = 4
configure:3456: checking whether the C compiler works
configure:3478: gcc    conftest.c  >&5
configure:3482: $? = 0
configure:3530: result: yes
configure:3533: checking for C compiler default output file name
configure:3535: result: a.out
configure:3541: checking for suffix of executables
configure:3548: gcc -o conftest    conftest.c  >&5
configure:3552: $? = 0
configure:3574: result: 
configure:3596: checking whether we are cross compiling
configure:3604: gcc -o conftest    conftest.c  >&5
configure:3608: $? = 0
configure:3615: ./conftest
configure:3619: $? = 0
configure:3634: result: no
configure:3639: checking for suffix of object files
configure:3661: gcc -c   conftest.c >&5
configure:3665: $? = 0
configure:3686: result: o
configure:3690: checking whether we are using the GNU C compiler
configure:3709: gcc -c   conftest.c >&5
configure:3709: $? = 0
configure:3718: result: yes
configure:3727: checking whether gcc accepts -g
configure:3747: gcc -c -g  conftest.c >&5
configure:3747: $? = 0
configure:3788: result: yes
configure:3805: checking for gcc option to accept ISO C89
configure:3869: gcc  -c -g -O2  conftest.c >&5
configure:3869: $? = 0
configure:3882: result: none needed
configure:3904: checking dependency style of gcc
configure:4015: result: gcc3
configure:4035: checking how to run the C preprocessor
configure:4066: gcc -E  conftest.c
configure:4066: $? = 0
configure:4080: gcc -E  conftest.c
conftest.c:11:28: fatal error: ac_nonexistent.h: No such file or directory
compilation terminated.
configure:4080: $? = 1
configure: failed program was:
| /* confdefs.h */
| #define PACKAGE_NAME "iTETRIS ITS Cooperative Demo Application"
| #define PACKAGE_TARNAME "itetris-its-cooperative-demo-application"
| #define PACKAGE_VERSION "0.1.0"
| #define PACKAGE_STRING "iTETRIS ITS Cooperative Demo Application 0.1.0"
| #define PACKAGE_BUGREPORT ""
| #define PACKAGE_URL ""
| #define PACKAGE "itetris-its-cooperative-demo-application"
| #define VERSION "0.1.0"
| /* end confdefs.h.  */
| #include <ac_nonexistent.h>
configure:4105: result: gcc -E
configure:4125: gcc -E  conftest.c
configure:4125: $? = 0
configure:4139: gcc -E  conftest.c
conftest.c:11:28: fatal error: ac_nonexistent.h: No such file or directory
compilation terminated.
configure:4139: $? = 1
configure: failed program was:
| /* confdefs.h */
| #define PACKAGE_NAME "iTETRIS ITS Cooperative Demo Application"
| #define PACKAGE_TARNAME "itetris-its-cooperative-demo-application"
| #define PACKAGE_VERSION "0.1.0"
| #define PACKAGE_STRING "iTETRIS ITS Cooperative Demo Application 0.1.0"
| #define PACKAGE_BUGREPORT ""
| #define PACKAGE_URL ""
| #define PACKAGE "itetris-its-cooperative-demo-application"
| #define VERSION "0.1.0"
| /* end confdefs.h.  */
| #include <ac_nonexistent.h>
configure:4225: checking for g++
configure:4241: found /usr/bin/g++
configure:4252: result: g++
configure:4279: checking for C++ compiler version
configure:4288: g++ --version >&5
g++ (Ubuntu/Linaro 4.6.3-1ubuntu5) 4.6.3
Copyright (C) 2011 Free Software Foundation, Inc.
This is free software; see the source for copying conditions.  There is NO
warranty; not even for MERCHANTABILITY or FITNESS FOR A PARTICULAR PURPOSE.

configure:4299: $? = 0
configure:4288: g++ -v >&5
Using built-in specs.
COLLECT_GCC=g++
COLLECT_LTO_WRAPPER=/usr/lib/gcc/x86_64-linux-gnu/4.6/lto-wrapper
Target: x86_64-linux-gnu
Configured with: ../src/configure -v --with-pkgversion='Ubuntu/Linaro 4.6.3-1ubuntu5' --with-bugurl=file:///usr/share/doc/gcc-4.6/README.Bugs --enable-languages=c,c++,fortran,objc,obj-c++ --prefix=/usr --program-suffix=-4.6 --enable-shared --enable-linker-build-id --with-system-zlib --libexecdir=/usr/lib --without-included-gettext --enable-threads=posix --with-gxx-include-dir=/usr/include/c++/4.6 --libdir=/usr/lib --enable-nls --with-sysroot=/ --enable-clocale=gnu --enable-libstdcxx-debug --enable-libstdcxx-time=yes --enable-gnu-unique-object --enable-plugin --enable-objc-gc --disable-werror --with-arch-32=i686 --with-tune=generic --enable-checking=release --build=x86_64-linux-gnu --host=x86_64-linux-gnu --target=x86_64-linux-gnu
Thread model: posix
gcc version 4.6.3 (Ubuntu/Linaro 4.6.3-1ubuntu5) 
configure:4299: $? = 0
configure:4288: g++ -V >&5
g++: error: unrecognized option '-V'
g++: fatal error: no input files
compilation terminated.
configure:4299: $? = 4
configure:4288: g++ -qversion >&5
g++: error: unrecognized option '-qversion'
g++: fatal error: no input files
compilation terminated.
configure:4299: $? = 4
configure:4303: checking whether we are using the GNU C++ compiler
configure:4322: g++ -c -O2 -DNDEBUG   conftest.cpp >&5
configure:4322: $? = 0
configure:4331: result: yes
configure:4340: checking whether g++ accepts -g
configure:4360: g++ -c -g  conftest.cpp >&5
configure:4360: $? = 0
configure:4401: result: yes
configure:4426: checking dependency style of g++
configure:4537: result: gcc3
configure:4553: checking whether ln -s works
configure:4557: result: yes
configure:4564: checking whether make sets $(MAKE)
configure:4586: result: yes
configure:4640: checking for ranlib
configure:4656: found /usr/bin/ranlib
configure:4667: result: ranlib
configure:4735: checking how to print strings
configure:4762: result: printf
configure:4783: checking for a sed that does not truncate output
configure:4847: result: /bin/sed
configure:4865: checking for grep that handles long lines and -e
configure:4923: result: /bin/grep
configure:4928: checking for egrep
configure:4990: result: /bin/grep -E
configure:4995: checking for fgrep
configure:5057: result: /bin/grep -F
configure:5092: checking for ld used by gcc
configure:5159: result: /usr/bin/ld
configure:5166: checking if the linker (/usr/bin/ld) is GNU ld
configure:5181: result: yes
configure:5193: checking for BSD- or MS-compatible name lister (nm)
configure:5242: result: /usr/bin/nm -B
configure:5372: checking the name lister (/usr/bin/nm -B) interface
configure:5379: gcc -c -g -O2  conftest.c >&5
configure:5382: /usr/bin/nm -B "conftest.o"
configure:5385: output
0000000000000000 B some_variable
configure:5392: result: BSD nm
configure:5396: checking the maximum length of command line arguments
configure:5526: result: 1572864
configure:5543: checking whether the shell understands some XSI constructs
configure:5553: result: yes
configure:5557: checking whether the shell understands "+="
configure:5563: result: yes
configure:5598: checking how to convert x86_64-unknown-linux-gnu file names to x86_64-unknown-linux-gnu format
configure:5638: result: func_convert_file_noop
configure:5645: checking how to convert x86_64-unknown-linux-gnu file names to toolchain format
configure:5665: result: func_convert_file_noop
configure:5672: checking for /usr/bin/ld option to reload object files
configure:5679: result: -r
configure:5753: checking for objdump
configure:5769: found /usr/bin/objdump
configure:5780: result: objdump
configure:5812: checking how to recognize dependent libraries
configure:6014: result: pass_all
configure:6099: checking for dlltool
configure:6129: result: no
configure:6159: checking how to associate runtime and link libraries
configure:6186: result: printf %s\n
configure:6247: checking for ar
configure:6263: found /usr/bin/ar
configure:6274: result: ar
configure:6311: checking for archiver @FILE support
configure:6328: gcc -c -g -O2  conftest.c >&5
configure:6328: $? = 0
configure:6331: ar cru libconftest.a @conftest.lst >&5
configure:6334: $? = 0
configure:6339: ar cru libconftest.a @conftest.lst >&5
ar: conftest.o: No such file or directory
configure:6342: $? = 1
configure:6354: result: @
configure:6412: checking for strip
configure:6428: found /usr/bin/strip
configure:6439: result: strip
configure:6511: checking for ranlib
configure:6538: result: ranlib
configure:6640: checking command to parse /usr/bin/nm -B output from gcc object
configure:6760: gcc -c -g -O2  conftest.c >&5
configure:6763: $? = 0
configure:6767: /usr/bin/nm -B conftest.o \| sed -n -e 's/^.*[ ]\([ABCDGIRSTW][ABCDGIRSTW]*\)[ ][ ]*\([_A-Za-z][_A-Za-z0-9]*\)$/\1 \2 \2/p' | sed '/ __gnu_lto/d' \> conftest.nm
configure:6770: $? = 0
configure:6836: gcc -o conftest -g -O2   conftest.c conftstm.o >&5
configure:6839: $? = 0
configure:6877: result: ok
configure:6914: checking for sysroot
configure:6944: result: no
configure:7021: gcc -c -g -O2  conftest.c >&5
configure:7024: $? = 0
configure:7200: checking for mt
configure:7216: found /bin/mt
configure:7227: result: mt
configure:7250: checking if mt is a manifest tool
configure:7256: mt '-?'
configure:7264: result: no
configure:7902: checking for ANSI C header files
configure:7922: gcc -c -g -O2  conftest.c >&5
configure:7922: $? = 0
configure:7995: gcc -o conftest -g -O2   conftest.c  >&5
configure:7995: $? = 0
configure:7995: ./conftest
configure:7995: $? = 0
configure:8006: result: yes
configure:8019: checking for sys/types.h
configure:8019: gcc -c -g -O2  conftest.c >&5
configure:8019: $? = 0
configure:8019: result: yes
configure:8019: checking for sys/stat.h
configure:8019: gcc -c -g -O2  conftest.c >&5
configure:8019: $? = 0
configure:8019: result: yes
configure:8019: checking for stdlib.h
configure:8019: gcc -c -g -O2  conftest.c >&5
configure:8019: $? = 0
configure:8019: result: yes
configure:8019: checking for string.h
configure:8019: gcc -c -g -O2  conftest.c >&5
configure:8019: $? = 0
configure:8019: result: yes
configure:8019: checking for memory.h
configure:8019: gcc -c -g -O2  conftest.c >&5
configure:8019: $? = 0
configure:8019: result: yes
configure:8019: checking for strings.h
configure:8019: gcc -c -g -O2  conftest.c >&5
configure:8019: $? = 0
configure:8019: result: yes
configure:8019: checking for inttypes.h
configure:8019: gcc -c -g -O2  conftest.c >&5
configure:8019: $? = 0
configure:8019: result: yes
configure:8019: checking for stdint.h
configure:8019: gcc -c -g -O2  conftest.c >&5
configure:8019: $? = 0
configure:8019: result: yes
configure:8019: checking for unistd.h
configure:8019: gcc -c -g -O2  conftest.c >&5
configure:8019: $? = 0
configure:8019: result: yes
configure:8033: checking for dlfcn.h
configure:8033: gcc -c -g -O2  conftest.c >&5
configure:8033: $? = 0
configure:8033: result: yes
configure:8250: checking for objdir
configure:8265: result: .libs
configure:8532: checking if gcc supports -fno-rtti -fno-exceptions
configure:8550: gcc -c -g -O2  -fno-rtti -fno-exceptions conftest.c >&5
cc1: warning: command line option '-fno-rtti' is valid for C++/ObjC++ but not for C [enabled by default]
configure:8554: $? = 0
configure:8567: result: no
configure:8894: checking for gcc option to produce PIC
configure:8901: result: -fPIC -DPIC
configure:8909: checking if gcc PIC flag -fPIC -DPIC works
configure:8927: gcc -c -g -O2  -fPIC -DPIC -DPIC conftest.c >&5
configure:8931: $? = 0
configure:8944: result: yes
configure:8973: checking if gcc static flag -static works
configure:9001: result: yes
configure:9016: checking if gcc supports -c -o file.o
configure:9037: gcc -c -g -O2  -o out/conftest2.o conftest.c >&5
configure:9041: $? = 0
configure:9063: result: yes
configure:9071: checking if gcc supports -c -o file.o
configure:9118: result: yes
configure:9151: checking whether the gcc linker (/usr/bin/ld -m elf_x86_64) supports shared libraries
configure:10308: result: yes
configure:10345: checking whether -lc should be explicitly linked in
configure:10353: gcc -c -g -O2  conftest.c >&5
configure:10356: $? = 0
configure:10371: gcc -shared  -fPIC -DPIC conftest.o  -v -Wl,-soname -Wl,conftest -o conftest 2\>\&1 \| /bin/grep  -lc  \>/dev/null 2\>\&1
configure:10374: $? = 0
configure:10388: result: no
configure:10548: checking dynamic linker characteristics
configure:11059: gcc -o conftest -g -O2   -Wl,-rpath -Wl,/foo conftest.c  >&5
configure:11059: $? = 0
configure:11293: result: GNU/Linux ld.so
configure:11400: checking how to hardcode library paths into programs
configure:11425: result: immediate
configure:11965: checking whether stripping libraries is possible
configure:11970: result: yes
configure:12005: checking if libtool supports shared libraries
configure:12007: result: yes
configure:12010: checking whether to build shared libraries
configure:12031: result: yes
configure:12034: checking whether to build static libraries
configure:12038: result: yes
configure:12061: checking how to run the C++ preprocessor
configure:12088: g++ -E  conftest.cpp
configure:12088: $? = 0
configure:12102: g++ -E  conftest.cpp
conftest.cpp:23:28: fatal error: ac_nonexistent.h: No such file or directory
compilation terminated.
configure:12102: $? = 1
configure: failed program was:
| /* confdefs.h */
| #define PACKAGE_NAME "iTETRIS ITS Cooperative Demo Application"
| #define PACKAGE_TARNAME "itetris-its-cooperative-demo-application"
| #define PACKAGE_VERSION "0.1.0"
| #define PACKAGE_STRING "iTETRIS ITS Cooperative Demo Application 0.1.0"
| #define PACKAGE_BUGREPORT ""
| #define PACKAGE_URL ""
| #define PACKAGE "itetris-its-cooperative-demo-application"
| #define VERSION "0.1.0"
| #define STDC_HEADERS 1
| #define HAVE_SYS_TYPES_H 1
| #define HAVE_SYS_STAT_H 1
| #define HAVE_STDLIB_H 1
| #define HAVE_STRING_H 1
| #define HAVE_MEMORY_H 1
| #define HAVE_STRINGS_H 1
| #define HAVE_INTTYPES_H 1
| #define HAVE_STDINT_H 1
| #define HAVE_UNISTD_H 1
| #define HAVE_DLFCN_H 1
| #define LT_OBJDIR ".libs/"
| /* end confdefs.h.  */
| #include <ac_nonexistent.h>
configure:12127: result: g++ -E
configure:12147: g++ -E  conftest.cpp
configure:12147: $? = 0
configure:12161: g++ -E  conftest.cpp
conftest.cpp:23:28: fatal error: ac_nonexistent.h: No such file or directory
compilation terminated.
configure:12161: $? = 1
configure: failed program was:
| /* confdefs.h */
| #define PACKAGE_NAME "iTETRIS ITS Cooperative Demo Application"
| #define PACKAGE_TARNAME "itetris-its-cooperative-demo-application"
| #define PACKAGE_VERSION "0.1.0"
| #define PACKAGE_STRING "iTETRIS ITS Cooperative Demo Application 0.1.0"
| #define PACKAGE_BUGREPORT ""
| #define PACKAGE_URL ""
| #define PACKAGE "itetris-its-cooperative-demo-application"
| #define VERSION "0.1.0"
| #define STDC_HEADERS 1
| #define HAVE_SYS_TYPES_H 1
| #define HAVE_SYS_STAT_H 1
| #define HAVE_STDLIB_H 1
| #define HAVE_STRING_H 1
| #define HAVE_MEMORY_H 1
| #define HAVE_STRINGS_H 1
| #define HAVE_INTTYPES_H 1
| #define HAVE_STDINT_H 1
| #define HAVE_UNISTD_H 1
| #define HAVE_DLFCN_H 1
| #define LT_OBJDIR ".libs/"
| /* end confdefs.h.  */
| #include <ac_nonexistent.h>
configure:12330: checking for ld used by g++
configure:12397: result: /usr/bin/ld -m elf_x86_64
configure:12404: checking if the linker (/usr/bin/ld -m elf_x86_64) is GNU ld
configure:12419: result: yes
configure:12474: checking whether the g++ linker (/usr/bin/ld -m elf_x86_64) supports shared libraries
configure:13479: result: yes
configure:13515: g++ -c -O2 -DNDEBUG   conftest.cpp >&5
configure:13518: $? = 0
configure:14038: checking for g++ option to produce PIC
configure:14045: result: -fPIC -DPIC
configure:14053: checking if g++ PIC flag -fPIC -DPIC works
configure:14071: g++ -c -O2 -DNDEBUG   -fPIC -DPIC -DPIC conftest.cpp >&5
configure:14075: $? = 0
configure:14088: result: yes
configure:14111: checking if g++ static flag -static works
configure:14139: result: yes
configure:14151: checking if g++ supports -c -o file.o
configure:14172: g++ -c -O2 -DNDEBUG   -o out/conftest2.o conftest.cpp >&5
configure:14176: $? = 0
configure:14198: result: yes
configure:14203: checking if g++ supports -c -o file.o
configure:14250: result: yes
configure:14280: checking whether the g++ linker (/usr/bin/ld -m elf_x86_64) supports shared libraries
configure:14319: result: yes
configure:14460: checking dynamic linker characteristics
configure:15139: result: GNU/Linux ld.so
configure:15192: checking how to hardcode library paths into programs
configure:15217: result: immediate
configure:15378: checking for pkg-config
configure:15396: found /usr/bin/pkg-config
configure:15408: result: /usr/bin/pkg-config
configure:15433: checking pkg-config is at least version 0.9.0
configure:15436: result: yes
configure:15446: checking for XERCES
configure:15453: $PKG_CONFIG --exists --print-errors "xerces-c >= 3.0"
configure:15456: $? = 0
configure:15470: $PKG_CONFIG --exists --print-errors "xerces-c >= 3.0"
configure:15473: $? = 0
configure:15515: result: yes
configure:15590: checking for main in -lxerces-c
configure:15609: gcc -o conftest -g -O2  -L/usr/local/lib conftest.c -lxerces-c   >&5
configure:15609: $? = 0
configure:15619: result: yes
configure:15653: checking xercesc/util/XercesVersion.hpp usability
configure:15653: gcc -c -g -O2 -I/usr/local/include/xercesc conftest.c >&5
configure:15653: $? = 0
configure:15653: result: yes
configure:15653: checking xercesc/util/XercesVersion.hpp presence
configure:15653: gcc -E -I/usr/local/include/xercesc conftest.c
configure:15653: $? = 0
configure:15653: result: yes
configure:15653: checking for xercesc/util/XercesVersion.hpp
configure:15653: result: yes
configure:15668: checking for size_t
configure:15668: gcc -c -g -O2  conftest.c >&5
configure:15668: $? = 0
configure:15668: gcc -c -g -O2  conftest.c >&5
conftest.c: In function 'main':
conftest.c:62:21: error: expected expression before ')' token
configure:15668: $? = 1
configure: failed program was:
| /* confdefs.h */
| #define PACKAGE_NAME "iTETRIS ITS Cooperative Demo Application"
| #define PACKAGE_TARNAME "itetris-its-cooperative-demo-application"
| #define PACKAGE_VERSION "0.1.0"
| #define PACKAGE_STRING "iTETRIS ITS Cooperative Demo Application 0.1.0"
| #define PACKAGE_BUGREPORT ""
| #define PACKAGE_URL ""
| #define PACKAGE "itetris-its-cooperative-demo-application"
| #define VERSION "0.1.0"
| #define STDC_HEADERS 1
| #define HAVE_SYS_TYPES_H 1
| #define HAVE_SYS_STAT_H 1
| #define HAVE_STDLIB_H 1
| #define HAVE_STRING_H 1
| #define HAVE_MEMORY_H 1
| #define HAVE_STRINGS_H 1
| #define HAVE_INTTYPES_H 1
| #define HAVE_STDINT_H 1
| #define HAVE_UNISTD_H 1
| #define HAVE_DLFCN_H 1
| #define LT_OBJDIR ".libs/"
| #define SUMOReal float
| #define OUTPUT_ACCURACY 2
| #define XERCES3_SIZE_t XMLSize_t
| /* end confdefs.h.  */
| #include <stdio.h>
| #ifdef HAVE_SYS_TYPES_H
| # include <sys/types.h>
| #endif
| #ifdef HAVE_SYS_STAT_H
| # include <sys/stat.h>
| #endif
| #ifdef STDC_HEADERS
| # include <stdlib.h>
| # include <stddef.h>
| #else
| # ifdef HAVE_STDLIB_H
| #  include <stdlib.h>
| # endif
| #endif
| #ifdef HAVE_STRING_H
| # if !defined STDC_HEADERS && defined HAVE_MEMORY_H
| #  include <memory.h>
| # endif
| # include <string.h>
| #endif
| #ifdef HAVE_STRINGS_H
| # include <strings.h>
| #endif
| #ifdef HAVE_INTTYPES_H
| # include <inttypes.h>
| #endif
| #ifdef HAVE_STDINT_H
| # include <stdint.h>
| #endif
| #ifdef HAVE_UNISTD_H
| # include <unistd.h>
| #endif
| int
| main ()
| {
| if (sizeof ((size_t)))
| 	    return 0;
|   ;
|   return 0;
| }
configure:15668: result: yes
configure:15681: checking for working alloca.h
configure:15698: gcc -o conftest -g -O2   conftest.c  >&5
configure:15698: $? = 0
configure:15706: result: yes
configure:15714: checking for alloca
configure:15751: gcc -o conftest -g -O2   conftest.c  >&5
configure:15751: $? = 0
configure:15759: result: yes
configure:15868: checking for ANSI C header files
configure:15972: result: yes
configure:15983: checking float.h usability
configure:15983: gcc -c -g -O2  conftest.c >&5
configure:15983: $? = 0
configure:15983: result: yes
configure:15983: checking float.h presence
configure:15983: gcc -E  conftest.c
configure:15983: $? = 0
configure:15983: result: yes
configure:15983: checking for float.h
configure:15983: result: yes
configure:15983: checking limits.h usability
configure:15983: gcc -c -g -O2  conftest.c >&5
configure:15983: $? = 0
configure:15983: result: yes
configure:15983: checking limits.h presence
configure:15983: gcc -E  conftest.c
configure:15983: $? = 0
configure:15983: result: yes
configure:15983: checking for limits.h
configure:15983: result: yes
configure:15983: checking malloc.h usability
configure:15983: gcc -c -g -O2  conftest.c >&5
configure:15983: $? = 0
configure:15983: result: yes
configure:15983: checking malloc.h presence
configure:15983: gcc -E  conftest.c
configure:15983: $? = 0
configure:15983: result: yes
configure:15983: checking for malloc.h
configure:15983: result: yes
configure:15983: checking math.h usability
configure:15983: gcc -c -g -O2  conftest.c >&5
configure:15983: $? = 0
configure:15983: result: yes
configure:15983: checking math.h presence
configure:15983: gcc -E  conftest.c
configure:15983: $? = 0
configure:15983: result: yes
configure:15983: checking for math.h
configure:15983: result: yes
configure:15983: checking stddef.h usability
configure:15983: gcc -c -g -O2  conftest.c >&5
configure:15983: $? = 0
configure:15983: result: yes
configure:15983: checking stddef.h presence
configure:15983: gcc -E  conftest.c
configure:15983: $? = 0
configure:15983: result: yes
configure:15983: checking for stddef.h
configure:15983: result: yes
configure:15983: checking for stdlib.h
configure:15983: result: yes
configure:15983: checking for string.h
configure:15983: result: yes
configure:15983: checking sys/time.h usability
configure:15983: gcc -c -g -O2  conftest.c >&5
configure:15983: $? = 0
configure:15983: result: yes
configure:15983: checking sys/time.h presence
configure:15983: gcc -E  conftest.c
configure:15983: $? = 0
configure:15983: result: yes
configure:15983: checking for sys/time.h
configure:15983: result: yes
configure:15983: checking for unistd.h
configure:15983: result: yes
configure:15983: checking wchar.h usability
configure:15983: gcc -c -g -O2  conftest.c >&5
configure:15983: $? = 0
configure:15983: result: yes
configure:15983: checking wchar.h presence
configure:15983: gcc -E  conftest.c
configure:15983: $? = 0
configure:15983: result: yes
configure:15983: checking for wchar.h
configure:15983: result: yes
configure:15994: checking for stdbool.h that conforms to C99
configure:16061: gcc -c -g -O2  conftest.c >&5
configure:16061: $? = 0
configure:16068: result: yes
configure:16070: checking for _Bool
configure:16070: gcc -c -g -O2  conftest.c >&5
configure:16070: $? = 0
configure:16070: gcc -c -g -O2  conftest.c >&5
conftest.c: In function 'main':
conftest.c:75:20: error: expected expression before ')' token
configure:16070: $? = 1
configure: failed program was:
| /* confdefs.h */
| #define PACKAGE_NAME "iTETRIS ITS Cooperative Demo Application"
| #define PACKAGE_TARNAME "itetris-its-cooperative-demo-application"
| #define PACKAGE_VERSION "0.1.0"
| #define PACKAGE_STRING "iTETRIS ITS Cooperative Demo Application 0.1.0"
| #define PACKAGE_BUGREPORT ""
| #define PACKAGE_URL ""
| #define PACKAGE "itetris-its-cooperative-demo-application"
| #define VERSION "0.1.0"
| #define STDC_HEADERS 1
| #define HAVE_SYS_TYPES_H 1
| #define HAVE_SYS_STAT_H 1
| #define HAVE_STDLIB_H 1
| #define HAVE_STRING_H 1
| #define HAVE_MEMORY_H 1
| #define HAVE_STRINGS_H 1
| #define HAVE_INTTYPES_H 1
| #define HAVE_STDINT_H 1
| #define HAVE_UNISTD_H 1
| #define HAVE_DLFCN_H 1
| #define LT_OBJDIR ".libs/"
| #define SUMOReal float
| #define OUTPUT_ACCURACY 2
| #define XERCES3_SIZE_t XMLSize_t
| #define HAVE_ALLOCA_H 1
| #define HAVE_ALLOCA 1
| #define STDC_HEADERS 1
| #define HAVE_FLOAT_H 1
| #define HAVE_LIMITS_H 1
| #define HAVE_MALLOC_H 1
| #define HAVE_MATH_H 1
| #define HAVE_STDDEF_H 1
| #define HAVE_STDLIB_H 1
| #define HAVE_STRING_H 1
| #define HAVE_SYS_TIME_H 1
| #define HAVE_UNISTD_H 1
| #define HAVE_WCHAR_H 1
| /* end confdefs.h.  */
| #include <stdio.h>
| #ifdef HAVE_SYS_TYPES_H
| # include <sys/types.h>
| #endif
| #ifdef HAVE_SYS_STAT_H
| # include <sys/stat.h>
| #endif
| #ifdef STDC_HEADERS
| # include <stdlib.h>
| # include <stddef.h>
| #else
| # ifdef HAVE_STDLIB_H
| #  include <stdlib.h>
| # endif
| #endif
| #ifdef HAVE_STRING_H
| # if !defined STDC_HEADERS && defined HAVE_MEMORY_H
| #  include <memory.h>
| # endif
| # include <string.h>
| #endif
| #ifdef HAVE_STRINGS_H
| # include <strings.h>
| #endif
| #ifdef HAVE_INTTYPES_H
| # include <inttypes.h>
| #endif
| #ifdef HAVE_STDINT_H
| # include <stdint.h>
| #endif
| #ifdef HAVE_UNISTD_H
| # include <unistd.h>
| #endif
| int
| main ()
| {
| if (sizeof ((_Bool)))
| 	    return 0;
|   ;
|   return 0;
| }
configure:16070: result: yes
configure:16086: checking for an ANSI C-conforming const
configure:16151: gcc -c -g -O2  conftest.c >&5
configure:16151: $? = 0
configure:16158: result: yes
configure:16166: checking for inline
configure:16182: gcc -c -g -O2  conftest.c >&5
configure:16182: $? = 0
configure:16190: result: inline
configure:16208: checking for size_t
configure:16208: result: yes
configure:16219: checking whether time.h and sys/time.h may both be included
configure:16239: gcc -c -g -O2  conftest.c >&5
configure:16239: $? = 0
configure:16246: result: yes
configure:16254: checking whether struct tm is in sys/time.h or time.h
configure:16274: gcc -c -g -O2  conftest.c >&5
configure:16274: $? = 0
configure:16281: result: time.h
configure:16289: checking for working volatile
configure:16308: gcc -c -g -O2  conftest.c >&5
configure:16308: $? = 0
configure:16315: result: yes
configure:16324: checking for error_at_line
configure:16340: gcc -o conftest -g -O2   conftest.c  >&5
configure:16340: $? = 0
configure:16348: result: yes
configure:16361: checking for stdlib.h
configure:16361: result: yes
configure:16371: checking for GNU libc compatible malloc
configure:16395: gcc -o conftest -g -O2   conftest.c  >&5
configure:16395: $? = 0
configure:16395: ./conftest
configure:16395: $? = 0
configure:16405: result: yes
configure:16429: checking sys/select.h usability
configure:16429: gcc -c -g -O2  conftest.c >&5
configure:16429: $? = 0
configure:16429: result: yes
configure:16429: checking sys/select.h presence
configure:16429: gcc -E  conftest.c
configure:16429: $? = 0
configure:16429: result: yes
configure:16429: checking for sys/select.h
configure:16429: result: yes
configure:16429: checking sys/socket.h usability
configure:16429: gcc -c -g -O2  conftest.c >&5
configure:16429: $? = 0
configure:16429: result: yes
configure:16429: checking sys/socket.h presence
configure:16429: gcc -E  conftest.c
configure:16429: $? = 0
configure:16429: result: yes
configure:16429: checking for sys/socket.h
configure:16429: result: yes
configure:16439: checking types of arguments for select
configure:16467: gcc -c -g -O2  conftest.c >&5
configure:16467: $? = 0
configure:16478: result: int,fd_set *,struct timeval *
configure:16501: checking return type of signal handlers
configure:16519: gcc -c -g -O2  conftest.c >&5
conftest.c: In function 'main':
conftest.c:55:1: error: void value not ignored as it ought to be
configure:16519: $? = 1
configure: failed program was:
| /* confdefs.h */
| #define PACKAGE_NAME "iTETRIS ITS Cooperative Demo Application"
| #define PACKAGE_TARNAME "itetris-its-cooperative-demo-application"
| #define PACKAGE_VERSION "0.1.0"
| #define PACKAGE_STRING "iTETRIS ITS Cooperative Demo Application 0.1.0"
| #define PACKAGE_BUGREPORT ""
| #define PACKAGE_URL ""
| #define PACKAGE "itetris-its-cooperative-demo-application"
| #define VERSION "0.1.0"
| #define STDC_HEADERS 1
| #define HAVE_SYS_TYPES_H 1
| #define HAVE_SYS_STAT_H 1
| #define HAVE_STDLIB_H 1
| #define HAVE_STRING_H 1
| #define HAVE_MEMORY_H 1
| #define HAVE_STRINGS_H 1
| #define HAVE_INTTYPES_H 1
| #define HAVE_STDINT_H 1
| #define HAVE_UNISTD_H 1
| #define HAVE_DLFCN_H 1
| #define LT_OBJDIR ".libs/"
| #define SUMOReal float
| #define OUTPUT_ACCURACY 2
| #define XERCES3_SIZE_t XMLSize_t
| #define HAVE_ALLOCA_H 1
| #define HAVE_ALLOCA 1
| #define STDC_HEADERS 1
| #define HAVE_FLOAT_H 1
| #define HAVE_LIMITS_H 1
| #define HAVE_MALLOC_H 1
| #define HAVE_MATH_H 1
| #define HAVE_STDDEF_H 1
| #define HAVE_STDLIB_H 1
| #define HAVE_STRING_H 1
| #define HAVE_SYS_TIME_H 1
| #define HAVE_UNISTD_H 1
| #define HAVE_WCHAR_H 1
| #define HAVE__BOOL 1
| #define HAVE_STDBOOL_H 1
| #define TIME_WITH_SYS_TIME 1
| #define HAVE_STDLIB_H 1
| #define HAVE_MALLOC 1
| #define HAVE_SYS_SELECT_H 1
| #define HAVE_SYS_SOCKET_H 1
| #define SELECT_TYPE_ARG1 int
| #define SELECT_TYPE_ARG234 (fd_set *)
| #define SELECT_TYPE_ARG5 (struct timeval *)
| /* end confdefs.h.  */
| #include <sys/types.h>
| #include <signal.h>
| 
| int
| main ()
| {
| return *(signal (0, 0)) (0) == 1;
|   ;
|   return 0;
| }
configure:16526: result: void
configure:16534: checking whether lstat correctly handles trailing slash
configure:16560: gcc -o conftest -g -O2   conftest.c  >&5
configure:16560: $? = 0
configure:16560: ./conftest
configure:16560: $? = 0
configure:16577: result: yes
configure:16596: checking whether stat accepts an empty string
configure:16616: gcc -o conftest -g -O2   conftest.c  >&5
configure:16616: $? = 0
configure:16616: ./conftest
configure:16616: $? = 0
configure:16626: result: no
configure:16645: checking for floor
configure:16645: gcc -o conftest -g -O2   conftest.c  >&5
conftest.c:74:6: warning: conflicting types for built-in function 'floor' [enabled by default]
/tmp/ccxeCHAK.o: In function `main':
/home/training/Desktop/demos/community-lteDemo-bis/conftest.c:85: undefined reference to `floor'
collect2: ld returned 1 exit status
configure:16645: $? = 1
configure: failed program was:
| /* confdefs.h */
| #define PACKAGE_NAME "iTETRIS ITS Cooperative Demo Application"
| #define PACKAGE_TARNAME "itetris-its-cooperative-demo-application"
| #define PACKAGE_VERSION "0.1.0"
| #define PACKAGE_STRING "iTETRIS ITS Cooperative Demo Application 0.1.0"
| #define PACKAGE_BUGREPORT ""
| #define PACKAGE_URL ""
| #define PACKAGE "itetris-its-cooperative-demo-application"
| #define VERSION "0.1.0"
| #define STDC_HEADERS 1
| #define HAVE_SYS_TYPES_H 1
| #define HAVE_SYS_STAT_H 1
| #define HAVE_STDLIB_H 1
| #define HAVE_STRING_H 1
| #define HAVE_MEMORY_H 1
| #define HAVE_STRINGS_H 1
| #define HAVE_INTTYPES_H 1
| #define HAVE_STDINT_H 1
| #define HAVE_UNISTD_H 1
| #define HAVE_DLFCN_H 1
| #define LT_OBJDIR ".libs/"
| #define SUMOReal float
| #define OUTPUT_ACCURACY 2
| #define XERCES3_SIZE_t XMLSize_t
| #define HAVE_ALLOCA_H 1
| #define HAVE_ALLOCA 1
| #define STDC_HEADERS 1
| #define HAVE_FLOAT_H 1
| #define HAVE_LIMITS_H 1
| #define HAVE_MALLOC_H 1
| #define HAVE_MATH_H 1
| #define HAVE_STDDEF_H 1
| #define HAVE_STDLIB_H 1
| #define HAVE_STRING_H 1
| #define HAVE_SYS_TIME_H 1
| #define HAVE_UNISTD_H 1
| #define HAVE_WCHAR_H 1
| #define HAVE__BOOL 1
| #define HAVE_STDBOOL_H 1
| #define TIME_WITH_SYS_TIME 1
| #define HAVE_STDLIB_H 1
| #define HAVE_MALLOC 1
| #define HAVE_SYS_SELECT_H 1
| #define HAVE_SYS_SOCKET_H 1
| #define SELECT_TYPE_ARG1 int
| #define SELECT_TYPE_ARG234 (fd_set *)
| #define SELECT_TYPE_ARG5 (struct timeval *)
| #define RETSIGTYPE void
| #define LSTAT_FOLLOWS_SLASHED_SYMLINK 1
| /* end confdefs.h.  */
| /* Define floor to an innocuous variant, in case <limits.h> declares floor.
|    For example, HP-UX 11i <limits.h> declares gettimeofday.  */
| #define floor innocuous_floor
| 
| /* System header to define __stub macros and hopefully few prototypes,
|     which can conflict with char floor (); below.
|     Prefer <limits.h> to <assert.h> if __STDC__ is defined, since
|     <limits.h> exists even on freestanding compilers.  */
| 
| #ifdef __STDC__
| # include <limits.h>
| #else
| # include <assert.h>
| #endif
| 
| #undef floor
| 
| /* Override any GCC internal prototype to avoid an error.
|    Use char because int might match the return type of a GCC
|    builtin and then its argument prototype would still apply.  */
| #ifdef __cplusplus
| extern "C"
| #endif
| char floor ();
| /* The GNU C library defines this for functions which it implements
|     to always fail with ENOSYS.  Some functions are actually named
|     something starting with __ and the normal name is an alias.  */
| #if defined __stub_floor || defined __stub___floor
| choke me
| #endif
| 
| int
| main ()
| {
| return floor ();
|   ;
|   return 0;
| }
configure:16645: result: no
configure:16645: checking for getcwd
configure:16645: gcc -o conftest -g -O2   conftest.c  >&5
configure:16645: $? = 0
configure:16645: result: yes
configure:16645: checking for gettimeofday
configure:16645: gcc -o conftest -g -O2   conftest.c  >&5
configure:16645: $? = 0
configure:16645: result: yes
configure:16645: checking for memset
configure:16645: gcc -o conftest -g -O2   conftest.c  >&5
conftest.c:76:6: warning: conflicting types for built-in function 'memset' [enabled by default]
configure:16645: $? = 0
configure:16645: result: yes
configure:16645: checking for pow
configure:16645: gcc -o conftest -g -O2   conftest.c  >&5
conftest.c:77:6: warning: conflicting types for built-in function 'pow' [enabled by default]
/tmp/ccLABjfY.o: In function `main':
/home/training/Desktop/demos/community-lteDemo-bis/conftest.c:88: undefined reference to `pow'
collect2: ld returned 1 exit status
configure:16645: $? = 1
configure: failed program was:
| /* confdefs.h */
| #define PACKAGE_NAME "iTETRIS ITS Cooperative Demo Application"
| #define PACKAGE_TARNAME "itetris-its-cooperative-demo-application"
| #define PACKAGE_VERSION "0.1.0"
| #define PACKAGE_STRING "iTETRIS ITS Cooperative Demo Application 0.1.0"
| #define PACKAGE_BUGREPORT ""
| #define PACKAGE_URL ""
| #define PACKAGE "itetris-its-cooperative-demo-application"
| #define VERSION "0.1.0"
| #define STDC_HEADERS 1
| #define HAVE_SYS_TYPES_H 1
| #define HAVE_SYS_STAT_H 1
| #define HAVE_STDLIB_H 1
| #define HAVE_STRING_H 1
| #define HAVE_MEMORY_H 1
| #define HAVE_STRINGS_H 1
| #define HAVE_INTTYPES_H 1
| #define HAVE_STDINT_H 1
| #define HAVE_UNISTD_H 1
| #define HAVE_DLFCN_H 1
| #define LT_OBJDIR ".libs/"
| #define SUMOReal float
| #define OUTPUT_ACCURACY 2
| #define XERCES3_SIZE_t XMLSize_t
| #define HAVE_ALLOCA_H 1
| #define HAVE_ALLOCA 1
| #define STDC_HEADERS 1
| #define HAVE_FLOAT_H 1
| #define HAVE_LIMITS_H 1
| #define HAVE_MALLOC_H 1
| #define HAVE_MATH_H 1
| #define HAVE_STDDEF_H 1
| #define HAVE_STDLIB_H 1
| #define HAVE_STRING_H 1
| #define HAVE_SYS_TIME_H 1
| #define HAVE_UNISTD_H 1
| #define HAVE_WCHAR_H 1
| #define HAVE__BOOL 1
| #define HAVE_STDBOOL_H 1
| #define TIME_WITH_SYS_TIME 1
| #define HAVE_STDLIB_H 1
| #define HAVE_MALLOC 1
| #define HAVE_SYS_SELECT_H 1
| #define HAVE_SYS_SOCKET_H 1
| #define SELECT_TYPE_ARG1 int
| #define SELECT_TYPE_ARG234 (fd_set *)
| #define SELECT_TYPE_ARG5 (struct timeval *)
| #define RETSIGTYPE void
| #define LSTAT_FOLLOWS_SLASHED_SYMLINK 1
| #define HAVE_GETCWD 1
| #define HAVE_GETTIMEOFDAY 1
| #define HAVE_MEMSET 1
| /* end confdefs.h.  */
| /* Define pow to an innocuous variant, in case <limits.h> declares pow.
|    For example, HP-UX 11i <limits.h> declares gettimeofday.  */
| #define pow innocuous_pow
| 
| /* System header to define __stub macros and hopefully few prototypes,
|     which can conflict with char pow (); below.
|     Prefer <limits.h> to <assert.h> if __STDC__ is defined, since
|     <limits.h> exists even on freestanding compilers.  */
| 
| #ifdef __STDC__
| # include <limits.h>
| #else
| # include <assert.h>
| #endif
| 
| #undef pow
| 
| /* Override any GCC internal prototype to avoid an error.
|    Use char because int might match the return type of a GCC
|    builtin and then its argument prototype would still apply.  */
| #ifdef __cplusplus
| extern "C"
| #endif
| char pow ();
| /* The GNU C library defines this for functions which it implements
|     to always fail with ENOSYS.  Some functions are actually named
|     something starting with __ and the normal name is an alias.  */
| #if defined __stub_pow || defined __stub___pow
| choke me
| #endif
| 
| int
| main ()
| {
| return pow ();
|   ;
|   return 0;
| }
configure:16645: result: no
configure:16645: checking for select
configure:16645: gcc -o conftest -g -O2   conftest.c  >&5
configure:16645: $? = 0
configure:16645: result: yes
configure:16645: checking for socket
configure:16645: gcc -o conftest -g -O2   conftest.c  >&5
configure:16645: $? = 0
configure:16645: result: yes
configure:16645: checking for sqrt
configure:16645: gcc -o conftest -g -O2   conftest.c  >&5
conftest.c:79:6: warning: conflicting types for built-in function 'sqrt' [enabled by default]
/tmp/ccRrzup8.o: In function `main':
/home/training/Desktop/demos/community-lteDemo-bis/conftest.c:90: undefined reference to `sqrt'
collect2: ld returned 1 exit status
configure:16645: $? = 1
configure: failed program was:
| /* confdefs.h */
| #define PACKAGE_NAME "iTETRIS ITS Cooperative Demo Application"
| #define PACKAGE_TARNAME "itetris-its-cooperative-demo-application"
| #define PACKAGE_VERSION "0.1.0"
| #define PACKAGE_STRING "iTETRIS ITS Cooperative Demo Application 0.1.0"
| #define PACKAGE_BUGREPORT ""
| #define PACKAGE_URL ""
| #define PACKAGE "itetris-its-cooperative-demo-application"
| #define VERSION "0.1.0"
| #define STDC_HEADERS 1
| #define HAVE_SYS_TYPES_H 1
| #define HAVE_SYS_STAT_H 1
| #define HAVE_STDLIB_H 1
| #define HAVE_STRING_H 1
| #define HAVE_MEMORY_H 1
| #define HAVE_STRINGS_H 1
| #define HAVE_INTTYPES_H 1
| #define HAVE_STDINT_H 1
| #define HAVE_UNISTD_H 1
| #define HAVE_DLFCN_H 1
| #define LT_OBJDIR ".libs/"
| #define SUMOReal float
| #define OUTPUT_ACCURACY 2
| #define XERCES3_SIZE_t XMLSize_t
| #define HAVE_ALLOCA_H 1
| #define HAVE_ALLOCA 1
| #define STDC_HEADERS 1
| #define HAVE_FLOAT_H 1
| #define HAVE_LIMITS_H 1
| #define HAVE_MALLOC_H 1
| #define HAVE_MATH_H 1
| #define HAVE_STDDEF_H 1
| #define HAVE_STDLIB_H 1
| #define HAVE_STRING_H 1
| #define HAVE_SYS_TIME_H 1
| #define HAVE_UNISTD_H 1
| #define HAVE_WCHAR_H 1
| #define HAVE__BOOL 1
| #define HAVE_STDBOOL_H 1
| #define TIME_WITH_SYS_TIME 1
| #define HAVE_STDLIB_H 1
| #define HAVE_MALLOC 1
| #define HAVE_SYS_SELECT_H 1
| #define HAVE_SYS_SOCKET_H 1
| #define SELECT_TYPE_ARG1 int
| #define SELECT_TYPE_ARG234 (fd_set *)
| #define SELECT_TYPE_ARG5 (struct timeval *)
| #define RETSIGTYPE void
| #define LSTAT_FOLLOWS_SLASHED_SYMLINK 1
| #define HAVE_GETCWD 1
| #define HAVE_GETTIMEOFDAY 1
| #define HAVE_MEMSET 1
| #define HAVE_SELECT 1
| #define HAVE_SOCKET 1
| /* end confdefs.h.  */
| /* Define sqrt to an innocuous variant, in case <limits.h> declares sqrt.
|    For example, HP-UX 11i <limits.h> declares gettimeofday.  */
| #define sqrt innocuous_sqrt
| 
| /* System header to define __stub macros and hopefully few prototypes,
|     which can conflict with char sqrt (); below.
|     Prefer <limits.h> to <assert.h> if __STDC__ is defined, since
|     <limits.h> exists even on freestanding compilers.  */
| 
| #ifdef __STDC__
| # include <limits.h>
| #else
| # include <assert.h>
| #endif
| 
| #undef sqrt
| 
| /* Override any GCC internal prototype to avoid an error.
|    Use char because int might match the return type of a GCC
|    builtin and then its argument prototype would still apply.  */
| #ifdef __cplusplus
| extern "C"
| #endif
| char sqrt ();
| /* The GNU C library defines this for functions which it implements
|     to always fail with ENOSYS.  Some functions are actually named
|     something starting with __ and the normal name is an alias.  */
| #if defined __stub_sqrt || defined __stub___sqrt
| choke me
| #endif
| 
| int
| main ()
| {
| return sqrt ();
|   ;
|   return 0;
| }
configure:16645: result: no
configure:16796: creating ./config.status

## ---------------------- ##
## Running config.status. ##
## ---------------------- ##

This file was extended by iTETRIS ITS Cooperative Demo Application config.status 0.1.0, which was
generated by GNU Autoconf 2.68.  Invocation command line was

  CONFIG_FILES    = 
  CONFIG_HEADERS  = 
  CONFIG_LINKS    = 
  CONFIG_COMMANDS = 
  $ ./config.status 

on ubuntu

config.status:1211: creating src/foreign/Makefile
config.status:1211: creating src/foreign/tcpip/Makefile
config.status:1211: creating src/foreign/mersenne/Makefile
config.status:1211: creating src/foreign/nvwa/Makefile
config.status:1211: creating src/utils/common/Makefile
config.status:1211: creating src/utils/log/Makefile
config.status:1211: creating src/utils/iodevices/Makefile
config.status:1211: creating src/utils/xml/Makefile
config.status:1211: creating src/utils/Makefile
config.status:1211: creating src/utils/options/Makefile
config.status:1211: creating src/Makefile
config.status:1211: creating Makefile
config.status:1211: creating src/config.h
config.status:1392: src/config.h is unchanged
config.status:1440: executing depfiles commands
config.status:1440: executing libtool commands
configure:19311: result: 
configure:19313: result: Optional features summary
configure:19315: result: -------------------------
configure:19317: result: Enabled:
configure:19319: result: Disabled: Debug DoublePrecision MemoryChecks

## ---------------- ##
## Cache variables. ##
## ---------------- ##

ac_cv_build=x86_64-unknown-linux-gnu
ac_cv_c_compiler_gnu=yes
ac_cv_c_const=yes
ac_cv_c_inline=inline
ac_cv_c_volatile=yes
ac_cv_cxx_compiler_gnu=yes
ac_cv_env_CCC_set=
ac_cv_env_CCC_value=
ac_cv_env_CC_set=
ac_cv_env_CC_value=
ac_cv_env_CFLAGS_set=
ac_cv_env_CFLAGS_value=
ac_cv_env_CPPFLAGS_set=
ac_cv_env_CPPFLAGS_value=
ac_cv_env_CPP_set=
ac_cv_env_CPP_value=
ac_cv_env_CXXCPP_set=
ac_cv_env_CXXCPP_value=
ac_cv_env_CXXFLAGS_set=
ac_cv_env_CXXFLAGS_value=
ac_cv_env_CXX_set=
ac_cv_env_CXX_value=
ac_cv_env_LDFLAGS_set=
ac_cv_env_LDFLAGS_value=
ac_cv_env_LIBS_set=
ac_cv_env_LIBS_value=
ac_cv_env_PKG_CONFIG_LIBDIR_set=
ac_cv_env_PKG_CONFIG_LIBDIR_value=
ac_cv_env_PKG_CONFIG_PATH_set=
ac_cv_env_PKG_CONFIG_PATH_value=
ac_cv_env_PKG_CONFIG_set=
ac_cv_env_PKG_CONFIG_value=
ac_cv_env_XERCES_CFLAGS_set=
ac_cv_env_XERCES_CFLAGS_value=
ac_cv_env_XERCES_LIBS_set=
ac_cv_env_XERCES_LIBS_value=
ac_cv_env_build_alias_set=
ac_cv_env_build_alias_value=
ac_cv_env_host_alias_set=
ac_cv_env_host_alias_value=
ac_cv_env_target_alias_set=
ac_cv_env_target_alias_value=
ac_cv_func_alloca_works=yes
ac_cv_func_floor=no
ac_cv_func_getcwd=yes
ac_cv_func_gettimeofday=yes
ac_cv_func_lstat_dereferences_slashed_symlink=yes
ac_cv_func_malloc_0_nonnull=yes
ac_cv_func_memset=yes
ac_cv_func_pow=no
ac_cv_func_select=yes
ac_cv_func_select_args='int,fd_set *,struct timeval *'
ac_cv_func_socket=yes
ac_cv_func_sqrt=no
ac_cv_func_stat_empty_string_bug=no
ac_cv_header_dlfcn_h=yes
ac_cv_header_float_h=yes
ac_cv_header_inttypes_h=yes
ac_cv_header_limits_h=yes
ac_cv_header_malloc_h=yes
ac_cv_header_math_h=yes
ac_cv_header_memory_h=yes
ac_cv_header_stdbool_h=yes
ac_cv_header_stdc=yes
ac_cv_header_stddef_h=yes
ac_cv_header_stdint_h=yes
ac_cv_header_stdlib_h=yes
ac_cv_header_string_h=yes
ac_cv_header_strings_h=yes
ac_cv_header_sys_select_h=yes
ac_cv_header_sys_socket_h=yes
ac_cv_header_sys_stat_h=yes
ac_cv_header_sys_time_h=yes
ac_cv_header_sys_types_h=yes
ac_cv_header_time=yes
ac_cv_header_unistd_h=yes
ac_cv_header_wchar_h=yes
ac_cv_header_xercesc_util_XercesVersion_hpp=yes
ac_cv_host=x86_64-unknown-linux-gnu
ac_cv_lib_error_at_line=yes
ac_cv_lib_xerces_c___main=yes
ac_cv_objext=o
ac_cv_path_EGREP='/bin/grep -E'
ac_cv_path_FGREP='/bin/grep -F'
ac_cv_path_GREP=/bin/grep
ac_cv_path_SED=/bin/sed
ac_cv_path_ac_pt_PKG_CONFIG=/usr/bin/pkg-config
ac_cv_path_install='/usr/bin/install -c'
ac_cv_path_mkdir=/bin/mkdir
ac_cv_prog_AWK=mawk
ac_cv_prog_CPP='gcc -E'
ac_cv_prog_CXXCPP='g++ -E'
ac_cv_prog_ac_ct_AR=ar
ac_cv_prog_ac_ct_CC=gcc
ac_cv_prog_ac_ct_CXX=g++
ac_cv_prog_ac_ct_MANIFEST_TOOL=mt
ac_cv_prog_ac_ct_OBJDUMP=objdump
ac_cv_prog_ac_ct_RANLIB=ranlib
ac_cv_prog_ac_ct_STRIP=strip
ac_cv_prog_cc_c89=
ac_cv_prog_cc_g=yes
ac_cv_prog_cxx_g=yes
ac_cv_prog_make_make_set=yes
ac_cv_struct_tm=time.h
ac_cv_target=x86_64-unknown-linux-gnu
ac_cv_type__Bool=yes
ac_cv_type_signal=void
ac_cv_type_size_t=yes
ac_cv_working_alloca_h=yes
am_cv_CC_dependencies_compiler_type=gcc3
am_cv_CXX_dependencies_compiler_type=gcc3
lt_cv_ar_at_file=@
lt_cv_archive_cmds_need_lc=no
lt_cv_deplibs_check_method=pass_all
lt_cv_file_magic_cmd='$MAGIC_CMD'
lt_cv_file_magic_test_file=
lt_cv_ld_reload_flag=-r
lt_cv_nm_interface='BSD nm'
lt_cv_objdir=.libs
lt_cv_path_LD=/usr/bin/ld
lt_cv_path_LDCXX='/usr/bin/ld -m elf_x86_64'
lt_cv_path_NM='/usr/bin/nm -B'
lt_cv_path_mainfest_tool=no
lt_cv_prog_compiler_c_o=yes
lt_cv_prog_compiler_c_o_CXX=yes
lt_cv_prog_compiler_pic='-fPIC -DPIC'
lt_cv_prog_compiler_pic_CXX='-fPIC -DPIC'
lt_cv_prog_compiler_pic_works=yes
lt_cv_prog_compiler_pic_works_CXX=yes
lt_cv_prog_compiler_rtti_exceptions=no
lt_cv_prog_compiler_static_works=yes
lt_cv_prog_compiler_static_works_CXX=yes
lt_cv_prog_gnu_ld=yes
lt_cv_prog_gnu_ldcxx=yes
lt_cv_sharedlib_from_linklib_cmd='printf %s\n'
lt_cv_shlibpath_overrides_runpath=no
lt_cv_sys_global_symbol_pipe='sed -n -e '\''s/^.*[	 ]\([ABCDGIRSTW][ABCDGIRSTW]*\)[	 ][	 ]*\([_A-Za-z][_A-Za-z0-9]*\)$/\1 \2 \2/p'\'' | sed '\''/ __gnu_lto/d'\'''
lt_cv_sys_global_symbol_to_c_name_address='sed -n -e '\''s/^: \([^ ]*\)[ ]*$/  {\"\1\", (void *) 0},/p'\'' -e '\''s/^[ABCDGIRSTW]* \([^ ]*\) \([^ ]*\)$/  {"\2", (void *) \&\2},/p'\'''
lt_cv_sys_global_symbol_to_c_name_address_lib_prefix='sed -n -e '\''s/^: \([^ ]*\)[ ]*$/  {\"\1\", (void *) 0},/p'\'' -e '\''s/^[ABCDGIRSTW]* \([^ ]*\) \(lib[^ ]*\)$/  {"\2", (void *) \&\2},/p'\'' -e '\''s/^[ABCDGIRSTW]* \([^ ]*\) \([^ ]*\)$/  {"lib\2", (void *) \&\2},/p'\'''
lt_cv_sys_global_symbol_to_cdecl='sed -n -e '\''s/^T .* \(.*\)$/extern int \1();/p'\'' -e '\''s/^[ABCDGIRSTW]* .* \(.*\)$/extern char \1;/p'\'''
lt_cv_sys_max_cmd_len=1572864
lt_cv_to_host_file_cmd=func_convert_file_noop
lt_cv_to_tool_file_cmd=func_convert_file_noop
pkg_cv_XERCES_CFLAGS='-I/usr/local/include  '
pkg_cv_XERCES_LIBS='-L/usr/local/lib -lxerces-c  '

## ----------------- ##
## Output variables. ##
## ----------------- ##

ACLOCAL='${SHELL} /home/training/Desktop/demos/community-lteDemo-bis/missing --run aclocal-1.11'
ALLOCA=''
AMDEPBACKSLASH='\'
AMDEP_FALSE='#'
AMDEP_TRUE=''
AMTAR='$${TAR-tar}'
AM_CPPFLAGS='-I/home/training/Desktop/demos/community-lteDemo-bis/./src -I/usr/local/include/xercesc '
AM_CXXFLAGS=''
AR='ar'
AUTOCONF='${SHELL} /home/training/Desktop/demos/community-lteDemo-bis/missing --run autoconf'
AUTOHEADER='${SHELL} /home/training/Desktop/demos/community-lteDemo-bis/missing --run autoheader'
AUTOMAKE='${SHELL} /home/training/Desktop/demos/community-lteDemo-bis/missing --run automake-1.11'
AWK='mawk'
CC='gcc'
CCDEPMODE='depmode=gcc3'
CFLAGS='-g -O2'
CHECK_MEMORY_LEAKS_FALSE=''
CHECK_MEMORY_LEAKS_TRUE='#'
CPP='gcc -E'
CPPFLAGS=''
CXX='g++'
CXXCPP='g++ -E'
CXXDEPMODE='depmode=gcc3'
CXXFLAGS='-O2 -DNDEBUG '
CYGPATH_W='echo'
DEFS='-DHAVE_CONFIG_H'
DEPDIR='.deps'
DLLTOOL='false'
DSYMUTIL=''
DUMPBIN=''
ECHO_C=''
ECHO_N='-n'
ECHO_T=''
EGREP='/bin/grep -E'
EXEEXT=''
FGREP='/bin/grep -F'
GREP='/bin/grep'
INSTALL_DATA='${INSTALL} -m 644'
INSTALL_PROGRAM='${INSTALL}'
INSTALL_SCRIPT='${INSTALL}'
INSTALL_STRIP_PROGRAM='$(install_sh) -c -s'
LD='/usr/bin/ld -m elf_x86_64'
LDFLAGS=''
LIBOBJS=''
LIBS=''
LIBTOOL='$(SHELL) $(top_builddir)/libtool'
LIB_XERCES='xerces-c'
LIPO=''
LN_S='ln -s'
LTLIBOBJS=''
MAKEINFO='${SHELL} /home/training/Desktop/demos/community-lteDemo-bis/missing --run makeinfo'
MANIFEST_TOOL=':'
MKDIR_P='/bin/mkdir -p'
NM='/usr/bin/nm -B'
NMEDIT=''
OBJDUMP='objdump'
OBJEXT='o'
OTOOL64=''
OTOOL=''
PACKAGE='itetris-its-cooperative-demo-application'
PACKAGE_BUGREPORT=''
PACKAGE_NAME='iTETRIS ITS Cooperative Demo Application'
PACKAGE_STRING='iTETRIS ITS Cooperative Demo Application 0.1.0'
PACKAGE_TARNAME='itetris-its-cooperative-demo-application'
PACKAGE_URL=''
PACKAGE_VERSION='0.1.0'
PATH_SEPARATOR=':'
PKG_CONFIG='/usr/bin/pkg-config'
PKG_CONFIG_LIBDIR=''
PKG_CONFIG_PATH=''
RANLIB='ranlib'
SED='/bin/sed'
SET_MAKE=''
SHELL='/bin/bash'
STRIP='strip'
VERSION='0.1.0'
XERCES_CFLAGS='-I/usr/local/include  '
XERCES_LDFLAGS='-L/usr/local/lib'
XERCES_LIBS='-L/usr/local/lib -lxerces-c  '
ac_ct_AR='ar'
ac_ct_CC='gcc'
ac_ct_CXX='g++'
ac_ct_DUMPBIN=''
am__EXEEXT_FALSE=''
am__EXEEXT_TRUE='#'
am__fastdepCC_FALSE='#'
am__fastdepCC_TRUE=''
am__fastdepCXX_FALSE='#'
am__fastdepCXX_TRUE=''
am__include='include'
am__isrc=''
am__leading_dot='.'
am__nodep='_no'
am__quote=''
am__tar='$${TAR-tar} chof - "$$tardir"'
am__untar='$${TAR-tar} xf -'
bindir='${exec_prefix}/bin'
build='x86_64-unknown-linux-gnu'
build_alias=''
build_cpu='x86_64'
build_os='linux-gnu'
build_vendor='unknown'
datadir='${datarootdir}'
datarootdir='${prefix}/share'
docdir='${datarootdir}/doc/${PACKAGE_TARNAME}'
dvidir='${docdir}'
exec_prefix='${prefix}'
host='x86_64-unknown-linux-gnu'
host_alias=''
host_cpu='x86_64'
host_os='linux-gnu'
host_vendor='unknown'
htmldir='${docdir}'
includedir='${prefix}/include'
infodir='${datarootdir}/info'
install_sh='${SHELL} /home/training/Desktop/demos/community-lteDemo-bis/install-sh'
libdir='${exec_prefix}/lib'
libexecdir='${exec_prefix}/libexec'
localedir='${datarootdir}/locale'
localstatedir='${prefix}/var'
mandir='${datarootdir}/man'
mkdir_p='/bin/mkdir -p'
oldincludedir='/usr/include'
pdfdir='${docdir}'
prefix='/usr/local'
program_transform_name='s,x,x,'
psdir='${docdir}'
sbindir='${exec_prefix}/sbin'
sharedstatedir='${prefix}/com'
sysconfdir='${prefix}/etc'
target='x86_64-unknown-linux-gnu'
target_alias=''
target_cpu='x86_64'
target_os='linux-gnu'
target_vendor='unknown'

## ----------- ##
## confdefs.h. ##
## ----------- ##

/* confdefs.h */
#define PACKAGE_NAME "iTETRIS ITS Cooperative Demo Application"
#define PACKAGE_TARNAME "itetris-its-cooperative-demo-application"
#define PACKAGE_VERSION "0.1.0"
#define PACKAGE_STRING "iTETRIS ITS Cooperative Demo Application 0.1.0"
#define PACKAGE_BUGREPORT ""
#define PACKAGE_URL ""
#define PACKAGE "itetris-its-cooperative-demo-application"
#define VERSION "0.1.0"
#define STDC_HEADERS 1
#define HAVE_SYS_TYPES_H 1
#define HAVE_SYS_STAT_H 1
#define HAVE_STDLIB_H 1
#define HAVE_STRING_H 1
#define HAVE_MEMORY_H 1
#define HAVE_STRINGS_H 1
#define HAVE_INTTYPES_H 1
#define HAVE_STDINT_H 1
#define HAVE_UNISTD_H 1
#define HAVE_DLFCN_H 1
#define LT_OBJDIR ".libs/"
#define SUMOReal float
#define OUTPUT_ACCURACY 2
#define XERCES3_SIZE_t XMLSize_t
#define HAVE_ALLOCA_H 1
#define HAVE_ALLOCA 1
#define STDC_HEADERS 1
#define HAVE_FLOAT_H 1
#define HAVE_LIMITS_H 1
#define HAVE_MALLOC_H 1
#define HAVE_MATH_H 1
#define HAVE_STDDEF_H 1
#define HAVE_STDLIB_H 1
#define HAVE_STRING_H 1
#define HAVE_SYS_TIME_H 1
#define HAVE_UNISTD_H 1
#define HAVE_WCHAR_H 1
#define HAVE__BOOL 1
#define HAVE_STDBOOL_H 1
#define TIME_WITH_SYS_TIME 1
#define HAVE_STDLIB_H 1
#define HAVE_MALLOC 1
#define HAVE_SYS_SELECT_H 1
#define HAVE_SYS_SOCKET_H 1
#define SELECT_TYPE_ARG1 int
#define SELECT_TYPE_ARG234 (fd_set *)
#define SELECT_TYPE_ARG5 (struct timeval *)
#define RETSIGTYPE void
#define LSTAT_FOLLOWS_SLASHED_SYMLINK 1
#define HAVE_GETCWD 1
#define HAVE_GETTIMEOFDAY 1
#define HAVE_MEMSET 1
#define HAVE_SELECT 1
#define HAVE_SOCKET 1

configure: exit 0

## ---------------------- ##
## Running config.status. ##
## ---------------------- ##

This file was extended by iTETRIS ITS Cooperative Demo Application config.status 0.1.0, which was
generated by GNU Autoconf 2.68.  Invocation command line was

  CONFIG_FILES    = 
  CONFIG_HEADERS  = 
  CONFIG_LINKS    = 
  CONFIG_COMMANDS = 
  $ ./config.status src/config.h

on ubuntu

config.status:1211: creating src/config.h
config.status:1392: src/config.h is unchanged
