This file contains any messages produced by compilers while
running configure, to aid debugging if configure makes a mistake.

It was created by iTETRIS configure 0.1.0, which was
generated by GNU Autoconf 2.68.  Invocation command line was

  $ ./configure --enable-sumo --enable-ns3 --enable-applications --with-geographic-libraries=/usr/local/lib --with-geographic-includes=/usr/local/include/GeographicLib --with-xerces-libraries=/usr/local/lib --with-xerces-includes=/usr/local/include/xercesc

## --------- ##
## Platform. ##
## --------- ##

hostname = ubuntu
uname -m = x86_64
uname -r = 3.11.0-26-generic
uname -s = Linux
uname -v = #45~precise1-Ubuntu SMP Tue Jul 15 04:02:35 UTC 2014

/usr/bin/uname -p = unknown
/bin/uname -X     = unknown

/bin/arch              = unknown
/usr/bin/arch -k       = unknown
/usr/convex/getsysinfo = unknown
/usr/bin/hostinfo      = unknown
/bin/machine           = unknown
/usr/bin/oslevel       = unknown
/bin/universe          = unknown

PATH: /usr/local/sbin
PATH: /usr/local/bin
PATH: /usr/sbin
PATH: /usr/bin
PATH: /sbin
PATH: /bin


## ----------- ##
## Core tests. ##
## ----------- ##

configure:2464: checking build system type
configure:2478: result: x86_64-unknown-linux-gnu
configure:2498: checking host system type
configure:2511: result: x86_64-unknown-linux-gnu
configure:2531: checking target system type
configure:2544: result: x86_64-unknown-linux-gnu
configure:2591: checking for a BSD-compatible install
configure:2659: result: /usr/bin/install -c
configure:2670: checking whether build environment is sane
configure:2720: result: yes
configure:2861: checking for a thread-safe mkdir -p
configure:2900: result: /bin/mkdir -p
configure:2913: checking for gawk
configure:2943: result: no
configure:2913: checking for mawk
configure:2929: found /usr/bin/mawk
configure:2940: result: mawk
configure:2951: checking whether make sets $(MAKE)
configure:2973: result: yes
configure:3048: checking how to create a ustar tar archive
configure:3061: tar --version
tar (GNU tar) 1.26
Copyright (C) 2011 Free Software Foundation, Inc.
License GPLv3+: GNU GPL version 3 or later <http://gnu.org/licenses/gpl.html>.
This is free software: you are free to change and redistribute it.
There is NO WARRANTY, to the extent permitted by law.

Written by John Gilmore and Jay Fenlason.
configure:3064: $? = 0
configure:3104: tardir=conftest.dir && eval tar --format=ustar -chf - "$tardir" >conftest.tar
configure:3107: $? = 0
configure:3111: tar -xf - <conftest.tar
configure:3114: $? = 0
configure:3127: result: gnutar
configure:3278: checking for gcc
configure:3294: found /usr/bin/gcc
configure:3305: result: gcc
configure:3534: checking for C compiler version
configure:3543: gcc --version >&5
gcc (Ubuntu/Linaro 4.6.3-1ubuntu5) 4.6.3
Copyright (C) 2011 Free Software Foundation, Inc.
This is free software; see the source for copying conditions.  There is NO
warranty; not even for MERCHANTABILITY or FITNESS FOR A PARTICULAR PURPOSE.

configure:3554: $? = 0
configure:3543: gcc -v >&5
Using built-in specs.
COLLECT_GCC=gcc
COLLECT_LTO_WRAPPER=/usr/lib/gcc/x86_64-linux-gnu/4.6/lto-wrapper
Target: x86_64-linux-gnu
Configured with: ../src/configure -v --with-pkgversion='Ubuntu/Linaro 4.6.3-1ubuntu5' --with-bugurl=file:///usr/share/doc/gcc-4.6/README.Bugs --enable-languages=c,c++,fortran,objc,obj-c++ --prefix=/usr --program-suffix=-4.6 --enable-shared --enable-linker-build-id --with-system-zlib --libexecdir=/usr/lib --without-included-gettext --enable-threads=posix --with-gxx-include-dir=/usr/include/c++/4.6 --libdir=/usr/lib --enable-nls --with-sysroot=/ --enable-clocale=gnu --enable-libstdcxx-debug --enable-libstdcxx-time=yes --enable-gnu-unique-object --enable-plugin --enable-objc-gc --disable-werror --with-arch-32=i686 --with-tune=generic --enable-checking=release --build=x86_64-linux-gnu --host=x86_64-linux-gnu --target=x86_64-linux-gnu
Thread model: posix
gcc version 4.6.3 (Ubuntu/Linaro 4.6.3-1ubuntu5) 
configure:3554: $? = 0
configure:3543: gcc -V >&5
gcc: error: unrecognized option '-V'
gcc: fatal error: no input files
compilation terminated.
configure:3554: $? = 4
configure:3543: gcc -qversion >&5
gcc: error: unrecognized option '-qversion'
gcc: fatal error: no input files
compilation terminated.
configure:3554: $? = 4
configure:3574: checking whether the C compiler works
configure:3596: gcc    conftest.c  >&5
configure:3600: $? = 0
configure:3648: result: yes
configure:3651: checking for C compiler default output file name
configure:3653: result: a.out
configure:3659: checking for suffix of executables
configure:3666: gcc -o conftest    conftest.c  >&5
configure:3670: $? = 0
configure:3692: result: 
configure:3714: checking whether we are cross compiling
configure:3722: gcc -o conftest    conftest.c  >&5
configure:3726: $? = 0
configure:3733: ./conftest
configure:3737: $? = 0
configure:3752: result: no
configure:3757: checking for suffix of object files
configure:3779: gcc -c   conftest.c >&5
configure:3783: $? = 0
configure:3804: result: o
configure:3808: checking whether we are using the GNU C compiler
configure:3827: gcc -c   conftest.c >&5
configure:3827: $? = 0
configure:3836: result: yes
configure:3845: checking whether gcc accepts -g
configure:3865: gcc -c -g  conftest.c >&5
configure:3865: $? = 0
configure:3906: result: yes
configure:3923: checking for gcc option to accept ISO C89
configure:3987: gcc  -c -g -O2  conftest.c >&5
configure:3987: $? = 0
configure:4000: result: none needed
configure:4031: checking for style of include used by make
configure:4059: result: GNU
configure:4085: checking dependency style of gcc
configure:4196: result: gcc3
configure:4216: checking how to run the C preprocessor
configure:4247: gcc -E  conftest.c
configure:4247: $? = 0
configure:4261: gcc -E  conftest.c
conftest.c:16:28: fatal error: ac_nonexistent.h: No such file or directory
compilation terminated.
configure:4261: $? = 1
configure: failed program was:
| /* confdefs.h */
| #define PACKAGE_NAME "iTETRIS"
| #define PACKAGE_TARNAME "itetris"
| #define PACKAGE_VERSION "0.1.0"
| #define PACKAGE_STRING "iTETRIS 0.1.0"
| #define PACKAGE_BUGREPORT ""
| #define PACKAGE_URL ""
| #define PACKAGE "itetris"
| #define VERSION "0.1.0"
| #define SUMOReal float
| #define SUMO_ON 1
| #define NS3_ON 1
| #define APPLICATIONS_ON 1
| #define OUTPUT_ACCURACY 2
| /* end confdefs.h.  */
| #include <ac_nonexistent.h>
configure:4286: result: gcc -E
configure:4306: gcc -E  conftest.c
configure:4306: $? = 0
configure:4320: gcc -E  conftest.c
conftest.c:16:28: fatal error: ac_nonexistent.h: No such file or directory
compilation terminated.
configure:4320: $? = 1
configure: failed program was:
| /* confdefs.h */
| #define PACKAGE_NAME "iTETRIS"
| #define PACKAGE_TARNAME "itetris"
| #define PACKAGE_VERSION "0.1.0"
| #define PACKAGE_STRING "iTETRIS 0.1.0"
| #define PACKAGE_BUGREPORT ""
| #define PACKAGE_URL ""
| #define PACKAGE "itetris"
| #define VERSION "0.1.0"
| #define SUMOReal float
| #define SUMO_ON 1
| #define NS3_ON 1
| #define APPLICATIONS_ON 1
| #define OUTPUT_ACCURACY 2
| /* end confdefs.h.  */
| #include <ac_nonexistent.h>
configure:4406: checking for g++
configure:4422: found /usr/bin/g++
configure:4433: result: g++
configure:4460: checking for C++ compiler version
configure:4469: g++ --version >&5
g++ (Ubuntu/Linaro 4.6.3-1ubuntu5) 4.6.3
Copyright (C) 2011 Free Software Foundation, Inc.
This is free software; see the source for copying conditions.  There is NO
warranty; not even for MERCHANTABILITY or FITNESS FOR A PARTICULAR PURPOSE.

configure:4480: $? = 0
configure:4469: g++ -v >&5
Using built-in specs.
COLLECT_GCC=g++
COLLECT_LTO_WRAPPER=/usr/lib/gcc/x86_64-linux-gnu/4.6/lto-wrapper
Target: x86_64-linux-gnu
Configured with: ../src/configure -v --with-pkgversion='Ubuntu/Linaro 4.6.3-1ubuntu5' --with-bugurl=file:///usr/share/doc/gcc-4.6/README.Bugs --enable-languages=c,c++,fortran,objc,obj-c++ --prefix=/usr --program-suffix=-4.6 --enable-shared --enable-linker-build-id --with-system-zlib --libexecdir=/usr/lib --without-included-gettext --enable-threads=posix --with-gxx-include-dir=/usr/include/c++/4.6 --libdir=/usr/lib --enable-nls --with-sysroot=/ --enable-clocale=gnu --enable-libstdcxx-debug --enable-libstdcxx-time=yes --enable-gnu-unique-object --enable-plugin --enable-objc-gc --disable-werror --with-arch-32=i686 --with-tune=generic --enable-checking=release --build=x86_64-linux-gnu --host=x86_64-linux-gnu --target=x86_64-linux-gnu
Thread model: posix
gcc version 4.6.3 (Ubuntu/Linaro 4.6.3-1ubuntu5) 
configure:4480: $? = 0
configure:4469: g++ -V >&5
g++: error: unrecognized option '-V'
g++: fatal error: no input files
compilation terminated.
configure:4480: $? = 4
configure:4469: g++ -qversion >&5
g++: error: unrecognized option '-qversion'
g++: fatal error: no input files
compilation terminated.
configure:4480: $? = 4
configure:4484: checking whether we are using the GNU C++ compiler
configure:4503: g++ -c -O2 -DNDEBUG   conftest.cpp >&5
configure:4503: $? = 0
configure:4512: result: yes
configure:4521: checking whether g++ accepts -g
configure:4541: g++ -c -g  conftest.cpp >&5
configure:4541: $? = 0
configure:4582: result: yes
configure:4607: checking dependency style of g++
configure:4718: result: gcc3
configure:4734: checking whether ln -s works
configure:4738: result: yes
configure:4745: checking whether make sets $(MAKE)
configure:4767: result: yes
configure:4820: checking for ranlib
configure:4836: found /usr/bin/ranlib
configure:4847: result: ranlib
configure:4915: checking how to print strings
configure:4942: result: printf
configure:4963: checking for a sed that does not truncate output
configure:5027: result: /bin/sed
configure:5045: checking for grep that handles long lines and -e
configure:5103: result: /bin/grep
configure:5108: checking for egrep
configure:5170: result: /bin/grep -E
configure:5175: checking for fgrep
configure:5237: result: /bin/grep -F
configure:5272: checking for ld used by gcc
configure:5339: result: /usr/bin/ld
configure:5346: checking if the linker (/usr/bin/ld) is GNU ld
configure:5361: result: yes
configure:5373: checking for BSD- or MS-compatible name lister (nm)
configure:5422: result: /usr/bin/nm -B
configure:5552: checking the name lister (/usr/bin/nm -B) interface
configure:5559: gcc -c -g -O2  conftest.c >&5
configure:5562: /usr/bin/nm -B "conftest.o"
configure:5565: output
0000000000000000 B some_variable
configure:5572: result: BSD nm
configure:5576: checking the maximum length of command line arguments
configure:5706: result: 1572864
configure:5723: checking whether the shell understands some XSI constructs
configure:5733: result: yes
configure:5737: checking whether the shell understands "+="
configure:5743: result: yes
configure:5778: checking how to convert x86_64-unknown-linux-gnu file names to x86_64-unknown-linux-gnu format
configure:5818: result: func_convert_file_noop
configure:5825: checking how to convert x86_64-unknown-linux-gnu file names to toolchain format
configure:5845: result: func_convert_file_noop
configure:5852: checking for /usr/bin/ld option to reload object files
configure:5859: result: -r
configure:5933: checking for objdump
configure:5949: found /usr/bin/objdump
configure:5960: result: objdump
configure:5992: checking how to recognize dependent libraries
configure:6194: result: pass_all
configure:6279: checking for dlltool
configure:6309: result: no
configure:6339: checking how to associate runtime and link libraries
configure:6366: result: printf %s\n
configure:6427: checking for ar
configure:6443: found /usr/bin/ar
configure:6454: result: ar
configure:6491: checking for archiver @FILE support
configure:6508: gcc -c -g -O2  conftest.c >&5
configure:6508: $? = 0
configure:6511: ar cru libconftest.a @conftest.lst >&5
configure:6514: $? = 0
configure:6519: ar cru libconftest.a @conftest.lst >&5
ar: conftest.o: No such file or directory
configure:6522: $? = 1
configure:6534: result: @
configure:6592: checking for strip
configure:6608: found /usr/bin/strip
configure:6619: result: strip
configure:6691: checking for ranlib
configure:6718: result: ranlib
configure:6820: checking command to parse /usr/bin/nm -B output from gcc object
configure:6940: gcc -c -g -O2  conftest.c >&5
configure:6943: $? = 0
configure:6947: /usr/bin/nm -B conftest.o \| sed -n -e 's/^.*[ ]\([ABCDGIRSTW][ABCDGIRSTW]*\)[ ][ ]*\([_A-Za-z][_A-Za-z0-9]*\)$/\1 \2 \2/p' | sed '/ __gnu_lto/d' \> conftest.nm
configure:6950: $? = 0
configure:7016: gcc -o conftest -g -O2   conftest.c conftstm.o >&5
configure:7019: $? = 0
configure:7057: result: ok
configure:7094: checking for sysroot
configure:7124: result: no
configure:7201: gcc -c -g -O2  conftest.c >&5
configure:7204: $? = 0
configure:7380: checking for mt
configure:7396: found /bin/mt
configure:7407: result: mt
configure:7430: checking if mt is a manifest tool
configure:7436: mt '-?'
configure:7444: result: no
configure:8082: checking for ANSI C header files
configure:8102: gcc -c -g -O2  conftest.c >&5
configure:8102: $? = 0
configure:8175: gcc -o conftest -g -O2   conftest.c  >&5
configure:8175: $? = 0
configure:8175: ./conftest
configure:8175: $? = 0
configure:8186: result: yes
configure:8199: checking for sys/types.h
configure:8199: gcc -c -g -O2  conftest.c >&5
configure:8199: $? = 0
configure:8199: result: yes
configure:8199: checking for sys/stat.h
configure:8199: gcc -c -g -O2  conftest.c >&5
configure:8199: $? = 0
configure:8199: result: yes
configure:8199: checking for stdlib.h
configure:8199: gcc -c -g -O2  conftest.c >&5
configure:8199: $? = 0
configure:8199: result: yes
configure:8199: checking for string.h
configure:8199: gcc -c -g -O2  conftest.c >&5
configure:8199: $? = 0
configure:8199: result: yes
configure:8199: checking for memory.h
configure:8199: gcc -c -g -O2  conftest.c >&5
configure:8199: $? = 0
configure:8199: result: yes
configure:8199: checking for strings.h
configure:8199: gcc -c -g -O2  conftest.c >&5
configure:8199: $? = 0
configure:8199: result: yes
configure:8199: checking for inttypes.h
configure:8199: gcc -c -g -O2  conftest.c >&5
configure:8199: $? = 0
configure:8199: result: yes
configure:8199: checking for stdint.h
configure:8199: gcc -c -g -O2  conftest.c >&5
configure:8199: $? = 0
configure:8199: result: yes
configure:8199: checking for unistd.h
configure:8199: gcc -c -g -O2  conftest.c >&5
configure:8199: $? = 0
configure:8199: result: yes
configure:8213: checking for dlfcn.h
configure:8213: gcc -c -g -O2  conftest.c >&5
configure:8213: $? = 0
configure:8213: result: yes
configure:8430: checking for objdir
configure:8445: result: .libs
configure:8712: checking if gcc supports -fno-rtti -fno-exceptions
configure:8730: gcc -c -g -O2  -fno-rtti -fno-exceptions conftest.c >&5
cc1: warning: command line option '-fno-rtti' is valid for C++/ObjC++ but not for C [enabled by default]
configure:8734: $? = 0
configure:8747: result: no
configure:9074: checking for gcc option to produce PIC
configure:9081: result: -fPIC -DPIC
configure:9089: checking if gcc PIC flag -fPIC -DPIC works
configure:9107: gcc -c -g -O2  -fPIC -DPIC -DPIC conftest.c >&5
configure:9111: $? = 0
configure:9124: result: yes
configure:9153: checking if gcc static flag -static works
configure:9181: result: yes
configure:9196: checking if gcc supports -c -o file.o
configure:9217: gcc -c -g -O2  -o out/conftest2.o conftest.c >&5
configure:9221: $? = 0
configure:9243: result: yes
configure:9251: checking if gcc supports -c -o file.o
configure:9298: result: yes
configure:9331: checking whether the gcc linker (/usr/bin/ld -m elf_x86_64) supports shared libraries
configure:10488: result: yes
configure:10525: checking whether -lc should be explicitly linked in
configure:10533: gcc -c -g -O2  conftest.c >&5
configure:10536: $? = 0
configure:10551: gcc -shared  -fPIC -DPIC conftest.o  -v -Wl,-soname -Wl,conftest -o conftest 2\>\&1 \| /bin/grep  -lc  \>/dev/null 2\>\&1
configure:10554: $? = 0
configure:10568: result: no
configure:10728: checking dynamic linker characteristics
configure:11239: gcc -o conftest -g -O2   -Wl,-rpath -Wl,/foo conftest.c  >&5
configure:11239: $? = 0
configure:11473: result: GNU/Linux ld.so
configure:11580: checking how to hardcode library paths into programs
configure:11605: result: immediate
configure:12145: checking whether stripping libraries is possible
configure:12150: result: yes
configure:12185: checking if libtool supports shared libraries
configure:12187: result: yes
configure:12190: checking whether to build shared libraries
configure:12211: result: yes
configure:12214: checking whether to build static libraries
configure:12218: result: yes
configure:12241: checking how to run the C++ preprocessor
configure:12268: g++ -E  conftest.cpp
configure:12268: $? = 0
configure:12282: g++ -E  conftest.cpp
conftest.cpp:28:28: fatal error: ac_nonexistent.h: No such file or directory
compilation terminated.
configure:12282: $? = 1
configure: failed program was:
| /* confdefs.h */
| #define PACKAGE_NAME "iTETRIS"
| #define PACKAGE_TARNAME "itetris"
| #define PACKAGE_VERSION "0.1.0"
| #define PACKAGE_STRING "iTETRIS 0.1.0"
| #define PACKAGE_BUGREPORT ""
| #define PACKAGE_URL ""
| #define PACKAGE "itetris"
| #define VERSION "0.1.0"
| #define SUMOReal float
| #define SUMO_ON 1
| #define NS3_ON 1
| #define APPLICATIONS_ON 1
| #define OUTPUT_ACCURACY 2
| #define STDC_HEADERS 1
| #define HAVE_SYS_TYPES_H 1
| #define HAVE_SYS_STAT_H 1
| #define HAVE_STDLIB_H 1
| #define HAVE_STRING_H 1
| #define HAVE_MEMORY_H 1
| #define HAVE_STRINGS_H 1
| #define HAVE_INTTYPES_H 1
| #define HAVE_STDINT_H 1
| #define HAVE_UNISTD_H 1
| #define HAVE_DLFCN_H 1
| #define LT_OBJDIR ".libs/"
| /* end confdefs.h.  */
| #include <ac_nonexistent.h>
configure:12307: result: g++ -E
configure:12327: g++ -E  conftest.cpp
configure:12327: $? = 0
configure:12341: g++ -E  conftest.cpp
conftest.cpp:28:28: fatal error: ac_nonexistent.h: No such file or directory
compilation terminated.
configure:12341: $? = 1
configure: failed program was:
| /* confdefs.h */
| #define PACKAGE_NAME "iTETRIS"
| #define PACKAGE_TARNAME "itetris"
| #define PACKAGE_VERSION "0.1.0"
| #define PACKAGE_STRING "iTETRIS 0.1.0"
| #define PACKAGE_BUGREPORT ""
| #define PACKAGE_URL ""
| #define PACKAGE "itetris"
| #define VERSION "0.1.0"
| #define SUMOReal float
| #define SUMO_ON 1
| #define NS3_ON 1
| #define APPLICATIONS_ON 1
| #define OUTPUT_ACCURACY 2
| #define STDC_HEADERS 1
| #define HAVE_SYS_TYPES_H 1
| #define HAVE_SYS_STAT_H 1
| #define HAVE_STDLIB_H 1
| #define HAVE_STRING_H 1
| #define HAVE_MEMORY_H 1
| #define HAVE_STRINGS_H 1
| #define HAVE_INTTYPES_H 1
| #define HAVE_STDINT_H 1
| #define HAVE_UNISTD_H 1
| #define HAVE_DLFCN_H 1
| #define LT_OBJDIR ".libs/"
| /* end confdefs.h.  */
| #include <ac_nonexistent.h>
configure:12510: checking for ld used by g++
configure:12577: result: /usr/bin/ld -m elf_x86_64
configure:12584: checking if the linker (/usr/bin/ld -m elf_x86_64) is GNU ld
configure:12599: result: yes
configure:12654: checking whether the g++ linker (/usr/bin/ld -m elf_x86_64) supports shared libraries
configure:13659: result: yes
configure:13695: g++ -c -O2 -DNDEBUG   conftest.cpp >&5
configure:13698: $? = 0
configure:14218: checking for g++ option to produce PIC
configure:14225: result: -fPIC -DPIC
configure:14233: checking if g++ PIC flag -fPIC -DPIC works
configure:14251: g++ -c -O2 -DNDEBUG   -fPIC -DPIC -DPIC conftest.cpp >&5
configure:14255: $? = 0
configure:14268: result: yes
configure:14291: checking if g++ static flag -static works
configure:14319: result: yes
configure:14331: checking if g++ supports -c -o file.o
configure:14352: g++ -c -O2 -DNDEBUG   -o out/conftest2.o conftest.cpp >&5
configure:14356: $? = 0
configure:14378: result: yes
configure:14383: checking if g++ supports -c -o file.o
configure:14430: result: yes
configure:14460: checking whether the g++ linker (/usr/bin/ld -m elf_x86_64) supports shared libraries
configure:14499: result: yes
configure:14640: checking dynamic linker characteristics
configure:15319: result: GNU/Linux ld.so
configure:15372: checking how to hardcode library paths into programs
configure:15397: result: immediate
configure:15516: checking for pkg-config
configure:15534: found /usr/bin/pkg-config
configure:15546: result: /usr/bin/pkg-config
configure:15571: checking pkg-config is at least version 0.9.0
configure:15574: result: yes
configure:15584: checking for XERCES
configure:15591: $PKG_CONFIG --exists --print-errors "xerces-c >= 3.0"
configure:15594: $? = 0
configure:15608: $PKG_CONFIG --exists --print-errors "xerces-c >= 3.0"
configure:15611: $? = 0
configure:15653: result: yes
configure:15765: checking for main in -lxerces-c
configure:15784: gcc -o conftest -g -O2  -L/usr/local/lib conftest.c -lxerces-c   >&5
configure:15784: $? = 0
configure:15794: result: yes
configure:15829: checking xercesc/util/XercesVersion.hpp usability
configure:15829: gcc -c -g -O2 -I/usr/local/include/xercesc conftest.c >&5
configure:15829: $? = 0
configure:15829: result: yes
configure:15829: checking xercesc/util/XercesVersion.hpp presence
configure:15829: gcc -E -I/usr/local/include/xercesc conftest.c
configure:15829: $? = 0
configure:15829: result: yes
configure:15829: checking for xercesc/util/XercesVersion.hpp
configure:15829: result: yes
configure:15907: checking for main in -lGeographic
configure:15926: gcc -o conftest -g -O2  -L/usr/local/lib conftest.c -lGeographic   >&5
configure:15926: $? = 0
configure:15936: result: yes
configure:16051: checking for size_t
configure:16051: gcc -c -g -O2 -I/usr/local/include/GeographicLib  conftest.c >&5
configure:16051: $? = 0
configure:16051: gcc -c -g -O2 -I/usr/local/include/GeographicLib  conftest.c >&5
conftest.c: In function 'main':
conftest.c:66:21: error: expected expression before ')' token
configure:16051: $? = 1
configure: failed program was:
| /* confdefs.h */
| #define PACKAGE_NAME "iTETRIS"
| #define PACKAGE_TARNAME "itetris"
| #define PACKAGE_VERSION "0.1.0"
| #define PACKAGE_STRING "iTETRIS 0.1.0"
| #define PACKAGE_BUGREPORT ""
| #define PACKAGE_URL ""
| #define PACKAGE "itetris"
| #define VERSION "0.1.0"
| #define SUMOReal float
| #define SUMO_ON 1
| #define NS3_ON 1
| #define APPLICATIONS_ON 1
| #define OUTPUT_ACCURACY 2
| #define STDC_HEADERS 1
| #define HAVE_SYS_TYPES_H 1
| #define HAVE_SYS_STAT_H 1
| #define HAVE_STDLIB_H 1
| #define HAVE_STRING_H 1
| #define HAVE_MEMORY_H 1
| #define HAVE_STRINGS_H 1
| #define HAVE_INTTYPES_H 1
| #define HAVE_STDINT_H 1
| #define HAVE_UNISTD_H 1
| #define HAVE_DLFCN_H 1
| #define LT_OBJDIR ".libs/"
| #define XERCES3_SIZE_t XMLSize_t
| #define VERSION_STRING "0.1.0"
| /* end confdefs.h.  */
| #include <stdio.h>
| #ifdef HAVE_SYS_TYPES_H
| # include <sys/types.h>
| #endif
| #ifdef HAVE_SYS_STAT_H
| # include <sys/stat.h>
| #endif
| #ifdef STDC_HEADERS
| # include <stdlib.h>
| # include <stddef.h>
| #else
| # ifdef HAVE_STDLIB_H
| #  include <stdlib.h>
| # endif
| #endif
| #ifdef HAVE_STRING_H
| # if !defined STDC_HEADERS && defined HAVE_MEMORY_H
| #  include <memory.h>
| # endif
| # include <string.h>
| #endif
| #ifdef HAVE_STRINGS_H
| # include <strings.h>
| #endif
| #ifdef HAVE_INTTYPES_H
| # include <inttypes.h>
| #endif
| #ifdef HAVE_STDINT_H
| # include <stdint.h>
| #endif
| #ifdef HAVE_UNISTD_H
| # include <unistd.h>
| #endif
| int
| main ()
| {
| if (sizeof ((size_t)))
| 	    return 0;
|   ;
|   return 0;
| }
configure:16051: result: yes
configure:16064: checking for working alloca.h
configure:16081: gcc -o conftest -g -O2 -I/usr/local/include/GeographicLib   conftest.c  >&5
configure:16081: $? = 0
configure:16089: result: yes
configure:16097: checking for alloca
configure:16134: gcc -o conftest -g -O2 -I/usr/local/include/GeographicLib   conftest.c  >&5
configure:16134: $? = 0
configure:16142: result: yes
configure:16251: checking for ANSI C header files
configure:16355: result: yes
configure:16366: checking float.h usability
configure:16366: gcc -c -g -O2 -I/usr/local/include/GeographicLib  conftest.c >&5
configure:16366: $? = 0
configure:16366: result: yes
configure:16366: checking float.h presence
configure:16366: gcc -E -I/usr/local/include/GeographicLib  conftest.c
configure:16366: $? = 0
configure:16366: result: yes
configure:16366: checking for float.h
configure:16366: result: yes
configure:16366: checking limits.h usability
configure:16366: gcc -c -g -O2 -I/usr/local/include/GeographicLib  conftest.c >&5
configure:16366: $? = 0
configure:16366: result: yes
configure:16366: checking limits.h presence
configure:16366: gcc -E -I/usr/local/include/GeographicLib  conftest.c
configure:16366: $? = 0
configure:16366: result: yes
configure:16366: checking for limits.h
configure:16366: result: yes
configure:16366: checking malloc.h usability
configure:16366: gcc -c -g -O2 -I/usr/local/include/GeographicLib  conftest.c >&5
configure:16366: $? = 0
configure:16366: result: yes
configure:16366: checking malloc.h presence
configure:16366: gcc -E -I/usr/local/include/GeographicLib  conftest.c
configure:16366: $? = 0
configure:16366: result: yes
configure:16366: checking for malloc.h
configure:16366: result: yes
configure:16366: checking math.h usability
configure:16366: gcc -c -g -O2 -I/usr/local/include/GeographicLib  conftest.c >&5
configure:16366: $? = 0
configure:16366: result: yes
configure:16366: checking math.h presence
configure:16366: gcc -E -I/usr/local/include/GeographicLib  conftest.c
configure:16366: $? = 0
configure:16366: result: yes
configure:16366: checking for math.h
configure:16366: result: yes
configure:16366: checking stddef.h usability
configure:16366: gcc -c -g -O2 -I/usr/local/include/GeographicLib  conftest.c >&5
configure:16366: $? = 0
configure:16366: result: yes
configure:16366: checking stddef.h presence
configure:16366: gcc -E -I/usr/local/include/GeographicLib  conftest.c
configure:16366: $? = 0
configure:16366: result: yes
configure:16366: checking for stddef.h
configure:16366: result: yes
configure:16366: checking for stdlib.h
configure:16366: result: yes
configure:16366: checking for string.h
configure:16366: result: yes
configure:16366: checking sys/time.h usability
configure:16366: gcc -c -g -O2 -I/usr/local/include/GeographicLib  conftest.c >&5
configure:16366: $? = 0
configure:16366: result: yes
configure:16366: checking sys/time.h presence
configure:16366: gcc -E -I/usr/local/include/GeographicLib  conftest.c
configure:16366: $? = 0
configure:16366: result: yes
configure:16366: checking for sys/time.h
configure:16366: result: yes
configure:16366: checking for unistd.h
configure:16366: result: yes
configure:16366: checking wchar.h usability
configure:16366: gcc -c -g -O2 -I/usr/local/include/GeographicLib  conftest.c >&5
configure:16366: $? = 0
configure:16366: result: yes
configure:16366: checking wchar.h presence
configure:16366: gcc -E -I/usr/local/include/GeographicLib  conftest.c
configure:16366: $? = 0
configure:16366: result: yes
configure:16366: checking for wchar.h
configure:16366: result: yes
configure:16377: checking for stdbool.h that conforms to C99
configure:16444: gcc -c -g -O2 -I/usr/local/include/GeographicLib  conftest.c >&5
configure:16444: $? = 0
configure:16451: result: yes
configure:16453: checking for _Bool
configure:16453: gcc -c -g -O2 -I/usr/local/include/GeographicLib  conftest.c >&5
configure:16453: $? = 0
configure:16453: gcc -c -g -O2 -I/usr/local/include/GeographicLib  conftest.c >&5
conftest.c: In function 'main':
conftest.c:79:20: error: expected expression before ')' token
configure:16453: $? = 1
configure: failed program was:
| /* confdefs.h */
| #define PACKAGE_NAME "iTETRIS"
| #define PACKAGE_TARNAME "itetris"
| #define PACKAGE_VERSION "0.1.0"
| #define PACKAGE_STRING "iTETRIS 0.1.0"
| #define PACKAGE_BUGREPORT ""
| #define PACKAGE_URL ""
| #define PACKAGE "itetris"
| #define VERSION "0.1.0"
| #define SUMOReal float
| #define SUMO_ON 1
| #define NS3_ON 1
| #define APPLICATIONS_ON 1
| #define OUTPUT_ACCURACY 2
| #define STDC_HEADERS 1
| #define HAVE_SYS_TYPES_H 1
| #define HAVE_SYS_STAT_H 1
| #define HAVE_STDLIB_H 1
| #define HAVE_STRING_H 1
| #define HAVE_MEMORY_H 1
| #define HAVE_STRINGS_H 1
| #define HAVE_INTTYPES_H 1
| #define HAVE_STDINT_H 1
| #define HAVE_UNISTD_H 1
| #define HAVE_DLFCN_H 1
| #define LT_OBJDIR ".libs/"
| #define XERCES3_SIZE_t XMLSize_t
| #define VERSION_STRING "0.1.0"
| #define HAVE_ALLOCA_H 1
| #define HAVE_ALLOCA 1
| #define STDC_HEADERS 1
| #define HAVE_FLOAT_H 1
| #define HAVE_LIMITS_H 1
| #define HAVE_MALLOC_H 1
| #define HAVE_MATH_H 1
| #define HAVE_STDDEF_H 1
| #define HAVE_STDLIB_H 1
| #define HAVE_STRING_H 1
| #define HAVE_SYS_TIME_H 1
| #define HAVE_UNISTD_H 1
| #define HAVE_WCHAR_H 1
| /* end confdefs.h.  */
| #include <stdio.h>
| #ifdef HAVE_SYS_TYPES_H
| # include <sys/types.h>
| #endif
| #ifdef HAVE_SYS_STAT_H
| # include <sys/stat.h>
| #endif
| #ifdef STDC_HEADERS
| # include <stdlib.h>
| # include <stddef.h>
| #else
| # ifdef HAVE_STDLIB_H
| #  include <stdlib.h>
| # endif
| #endif
| #ifdef HAVE_STRING_H
| # if !defined STDC_HEADERS && defined HAVE_MEMORY_H
| #  include <memory.h>
| # endif
| # include <string.h>
| #endif
| #ifdef HAVE_STRINGS_H
| # include <strings.h>
| #endif
| #ifdef HAVE_INTTYPES_H
| # include <inttypes.h>
| #endif
| #ifdef HAVE_STDINT_H
| # include <stdint.h>
| #endif
| #ifdef HAVE_UNISTD_H
| # include <unistd.h>
| #endif
| int
| main ()
| {
| if (sizeof ((_Bool)))
| 	    return 0;
|   ;
|   return 0;
| }
configure:16453: result: yes
configure:16469: checking for an ANSI C-conforming const
configure:16534: gcc -c -g -O2 -I/usr/local/include/GeographicLib  conftest.c >&5
configure:16534: $? = 0
configure:16541: result: yes
configure:16549: checking for inline
configure:16565: gcc -c -g -O2 -I/usr/local/include/GeographicLib  conftest.c >&5
configure:16565: $? = 0
configure:16573: result: inline
configure:16591: checking for size_t
configure:16591: result: yes
configure:16602: checking whether time.h and sys/time.h may both be included
configure:16622: gcc -c -g -O2 -I/usr/local/include/GeographicLib  conftest.c >&5
configure:16622: $? = 0
configure:16629: result: yes
configure:16637: checking whether struct tm is in sys/time.h or time.h
configure:16657: gcc -c -g -O2 -I/usr/local/include/GeographicLib  conftest.c >&5
configure:16657: $? = 0
configure:16664: result: time.h
configure:16672: checking for working volatile
configure:16691: gcc -c -g -O2 -I/usr/local/include/GeographicLib  conftest.c >&5
configure:16691: $? = 0
configure:16698: result: yes
configure:16707: checking for error_at_line
configure:16723: gcc -o conftest -g -O2 -I/usr/local/include/GeographicLib   conftest.c  >&5
configure:16723: $? = 0
configure:16731: result: yes
configure:16744: checking for stdlib.h
configure:16744: result: yes
configure:16754: checking for GNU libc compatible malloc
configure:16778: gcc -o conftest -g -O2 -I/usr/local/include/GeographicLib   conftest.c  >&5
configure:16778: $? = 0
configure:16778: ./conftest
configure:16778: $? = 0
configure:16788: result: yes
configure:16812: checking sys/select.h usability
configure:16812: gcc -c -g -O2 -I/usr/local/include/GeographicLib  conftest.c >&5
configure:16812: $? = 0
configure:16812: result: yes
configure:16812: checking sys/select.h presence
configure:16812: gcc -E -I/usr/local/include/GeographicLib  conftest.c
configure:16812: $? = 0
configure:16812: result: yes
configure:16812: checking for sys/select.h
configure:16812: result: yes
configure:16812: checking sys/socket.h usability
configure:16812: gcc -c -g -O2 -I/usr/local/include/GeographicLib  conftest.c >&5
configure:16812: $? = 0
configure:16812: result: yes
configure:16812: checking sys/socket.h presence
configure:16812: gcc -E -I/usr/local/include/GeographicLib  conftest.c
configure:16812: $? = 0
configure:16812: result: yes
configure:16812: checking for sys/socket.h
configure:16812: result: yes
configure:16822: checking types of arguments for select
configure:16850: gcc -c -g -O2 -I/usr/local/include/GeographicLib  conftest.c >&5
configure:16850: $? = 0
configure:16861: result: int,fd_set *,struct timeval *
configure:16884: checking return type of signal handlers
configure:16902: gcc -c -g -O2 -I/usr/local/include/GeographicLib  conftest.c >&5
conftest.c: In function 'main':
conftest.c:59:1: error: void value not ignored as it ought to be
configure:16902: $? = 1
configure: failed program was:
| /* confdefs.h */
| #define PACKAGE_NAME "iTETRIS"
| #define PACKAGE_TARNAME "itetris"
| #define PACKAGE_VERSION "0.1.0"
| #define PACKAGE_STRING "iTETRIS 0.1.0"
| #define PACKAGE_BUGREPORT ""
| #define PACKAGE_URL ""
| #define PACKAGE "itetris"
| #define VERSION "0.1.0"
| #define SUMOReal float
| #define SUMO_ON 1
| #define NS3_ON 1
| #define APPLICATIONS_ON 1
| #define OUTPUT_ACCURACY 2
| #define STDC_HEADERS 1
| #define HAVE_SYS_TYPES_H 1
| #define HAVE_SYS_STAT_H 1
| #define HAVE_STDLIB_H 1
| #define HAVE_STRING_H 1
| #define HAVE_MEMORY_H 1
| #define HAVE_STRINGS_H 1
| #define HAVE_INTTYPES_H 1
| #define HAVE_STDINT_H 1
| #define HAVE_UNISTD_H 1
| #define HAVE_DLFCN_H 1
| #define LT_OBJDIR ".libs/"
| #define XERCES3_SIZE_t XMLSize_t
| #define VERSION_STRING "0.1.0"
| #define HAVE_ALLOCA_H 1
| #define HAVE_ALLOCA 1
| #define STDC_HEADERS 1
| #define HAVE_FLOAT_H 1
| #define HAVE_LIMITS_H 1
| #define HAVE_MALLOC_H 1
| #define HAVE_MATH_H 1
| #define HAVE_STDDEF_H 1
| #define HAVE_STDLIB_H 1
| #define HAVE_STRING_H 1
| #define HAVE_SYS_TIME_H 1
| #define HAVE_UNISTD_H 1
| #define HAVE_WCHAR_H 1
| #define HAVE__BOOL 1
| #define HAVE_STDBOOL_H 1
| #define TIME_WITH_SYS_TIME 1
| #define HAVE_STDLIB_H 1
| #define HAVE_MALLOC 1
| #define HAVE_SYS_SELECT_H 1
| #define HAVE_SYS_SOCKET_H 1
| #define SELECT_TYPE_ARG1 int
| #define SELECT_TYPE_ARG234 (fd_set *)
| #define SELECT_TYPE_ARG5 (struct timeval *)
| /* end confdefs.h.  */
| #include <sys/types.h>
| #include <signal.h>
| 
| int
| main ()
| {
| return *(signal (0, 0)) (0) == 1;
|   ;
|   return 0;
| }
configure:16909: result: void
configure:16917: checking whether lstat correctly handles trailing slash
configure:16943: gcc -o conftest -g -O2 -I/usr/local/include/GeographicLib   conftest.c  >&5
configure:16943: $? = 0
configure:16943: ./conftest
configure:16943: $? = 0
configure:16960: result: yes
configure:16979: checking whether stat accepts an empty string
configure:16999: gcc -o conftest -g -O2 -I/usr/local/include/GeographicLib   conftest.c  >&5
configure:16999: $? = 0
configure:16999: ./conftest
configure:16999: $? = 0
configure:17009: result: no
configure:17028: checking for floor
configure:17028: gcc -o conftest -g -O2 -I/usr/local/include/GeographicLib   conftest.c  >&5
conftest.c:78:6: warning: conflicting types for built-in function 'floor' [enabled by default]
/tmp/ccAjrtIh.o: In function `main':
/home/training/moto-Sim-Tool/trunk/iTetris/iCS_lte/ics/conftest.c:89: undefined reference to `floor'
collect2: ld returned 1 exit status
configure:17028: $? = 1
configure: failed program was:
| /* confdefs.h */
| #define PACKAGE_NAME "iTETRIS"
| #define PACKAGE_TARNAME "itetris"
| #define PACKAGE_VERSION "0.1.0"
| #define PACKAGE_STRING "iTETRIS 0.1.0"
| #define PACKAGE_BUGREPORT ""
| #define PACKAGE_URL ""
| #define PACKAGE "itetris"
| #define VERSION "0.1.0"
| #define SUMOReal float
| #define SUMO_ON 1
| #define NS3_ON 1
| #define APPLICATIONS_ON 1
| #define OUTPUT_ACCURACY 2
| #define STDC_HEADERS 1
| #define HAVE_SYS_TYPES_H 1
| #define HAVE_SYS_STAT_H 1
| #define HAVE_STDLIB_H 1
| #define HAVE_STRING_H 1
| #define HAVE_MEMORY_H 1
| #define HAVE_STRINGS_H 1
| #define HAVE_INTTYPES_H 1
| #define HAVE_STDINT_H 1
| #define HAVE_UNISTD_H 1
| #define HAVE_DLFCN_H 1
| #define LT_OBJDIR ".libs/"
| #define XERCES3_SIZE_t XMLSize_t
| #define VERSION_STRING "0.1.0"
| #define HAVE_ALLOCA_H 1
| #define HAVE_ALLOCA 1
| #define STDC_HEADERS 1
| #define HAVE_FLOAT_H 1
| #define HAVE_LIMITS_H 1
| #define HAVE_MALLOC_H 1
| #define HAVE_MATH_H 1
| #define HAVE_STDDEF_H 1
| #define HAVE_STDLIB_H 1
| #define HAVE_STRING_H 1
| #define HAVE_SYS_TIME_H 1
| #define HAVE_UNISTD_H 1
| #define HAVE_WCHAR_H 1
| #define HAVE__BOOL 1
| #define HAVE_STDBOOL_H 1
| #define TIME_WITH_SYS_TIME 1
| #define HAVE_STDLIB_H 1
| #define HAVE_MALLOC 1
| #define HAVE_SYS_SELECT_H 1
| #define HAVE_SYS_SOCKET_H 1
| #define SELECT_TYPE_ARG1 int
| #define SELECT_TYPE_ARG234 (fd_set *)
| #define SELECT_TYPE_ARG5 (struct timeval *)
| #define RETSIGTYPE void
| #define LSTAT_FOLLOWS_SLASHED_SYMLINK 1
| /* end confdefs.h.  */
| /* Define floor to an innocuous variant, in case <limits.h> declares floor.
|    For example, HP-UX 11i <limits.h> declares gettimeofday.  */
| #define floor innocuous_floor
| 
| /* System header to define __stub macros and hopefully few prototypes,
|     which can conflict with char floor (); below.
|     Prefer <limits.h> to <assert.h> if __STDC__ is defined, since
|     <limits.h> exists even on freestanding compilers.  */
| 
| #ifdef __STDC__
| # include <limits.h>
| #else
| # include <assert.h>
| #endif
| 
| #undef floor
| 
| /* Override any GCC internal prototype to avoid an error.
|    Use char because int might match the return type of a GCC
|    builtin and then its argument prototype would still apply.  */
| #ifdef __cplusplus
| extern "C"
| #endif
| char floor ();
| /* The GNU C library defines this for functions which it implements
|     to always fail with ENOSYS.  Some functions are actually named
|     something starting with __ and the normal name is an alias.  */
| #if defined __stub_floor || defined __stub___floor
| choke me
| #endif
| 
| int
| main ()
| {
| return floor ();
|   ;
|   return 0;
| }
configure:17028: result: no
configure:17028: checking for getcwd
configure:17028: gcc -o conftest -g -O2 -I/usr/local/include/GeographicLib   conftest.c  >&5
configure:17028: $? = 0
configure:17028: result: yes
configure:17028: checking for gettimeofday
configure:17028: gcc -o conftest -g -O2 -I/usr/local/include/GeographicLib   conftest.c  >&5
configure:17028: $? = 0
configure:17028: result: yes
configure:17028: checking for memset
configure:17028: gcc -o conftest -g -O2 -I/usr/local/include/GeographicLib   conftest.c  >&5
conftest.c:80:6: warning: conflicting types for built-in function 'memset' [enabled by default]
configure:17028: $? = 0
configure:17028: result: yes
configure:17028: checking for pow
configure:17028: gcc -o conftest -g -O2 -I/usr/local/include/GeographicLib   conftest.c  >&5
conftest.c:81:6: warning: conflicting types for built-in function 'pow' [enabled by default]
/tmp/ccfNG8st.o: In function `main':
/home/training/moto-Sim-Tool/trunk/iTetris/iCS_lte/ics/conftest.c:92: undefined reference to `pow'
collect2: ld returned 1 exit status
configure:17028: $? = 1
configure: failed program was:
| /* confdefs.h */
| #define PACKAGE_NAME "iTETRIS"
| #define PACKAGE_TARNAME "itetris"
| #define PACKAGE_VERSION "0.1.0"
| #define PACKAGE_STRING "iTETRIS 0.1.0"
| #define PACKAGE_BUGREPORT ""
| #define PACKAGE_URL ""
| #define PACKAGE "itetris"
| #define VERSION "0.1.0"
| #define SUMOReal float
| #define SUMO_ON 1
| #define NS3_ON 1
| #define APPLICATIONS_ON 1
| #define OUTPUT_ACCURACY 2
| #define STDC_HEADERS 1
| #define HAVE_SYS_TYPES_H 1
| #define HAVE_SYS_STAT_H 1
| #define HAVE_STDLIB_H 1
| #define HAVE_STRING_H 1
| #define HAVE_MEMORY_H 1
| #define HAVE_STRINGS_H 1
| #define HAVE_INTTYPES_H 1
| #define HAVE_STDINT_H 1
| #define HAVE_UNISTD_H 1
| #define HAVE_DLFCN_H 1
| #define LT_OBJDIR ".libs/"
| #define XERCES3_SIZE_t XMLSize_t
| #define VERSION_STRING "0.1.0"
| #define HAVE_ALLOCA_H 1
| #define HAVE_ALLOCA 1
| #define STDC_HEADERS 1
| #define HAVE_FLOAT_H 1
| #define HAVE_LIMITS_H 1
| #define HAVE_MALLOC_H 1
| #define HAVE_MATH_H 1
| #define HAVE_STDDEF_H 1
| #define HAVE_STDLIB_H 1
| #define HAVE_STRING_H 1
| #define HAVE_SYS_TIME_H 1
| #define HAVE_UNISTD_H 1
| #define HAVE_WCHAR_H 1
| #define HAVE__BOOL 1
| #define HAVE_STDBOOL_H 1
| #define TIME_WITH_SYS_TIME 1
| #define HAVE_STDLIB_H 1
| #define HAVE_MALLOC 1
| #define HAVE_SYS_SELECT_H 1
| #define HAVE_SYS_SOCKET_H 1
| #define SELECT_TYPE_ARG1 int
| #define SELECT_TYPE_ARG234 (fd_set *)
| #define SELECT_TYPE_ARG5 (struct timeval *)
| #define RETSIGTYPE void
| #define LSTAT_FOLLOWS_SLASHED_SYMLINK 1
| #define HAVE_GETCWD 1
| #define HAVE_GETTIMEOFDAY 1
| #define HAVE_MEMSET 1
| /* end confdefs.h.  */
| /* Define pow to an innocuous variant, in case <limits.h> declares pow.
|    For example, HP-UX 11i <limits.h> declares gettimeofday.  */
| #define pow innocuous_pow
| 
| /* System header to define __stub macros and hopefully few prototypes,
|     which can conflict with char pow (); below.
|     Prefer <limits.h> to <assert.h> if __STDC__ is defined, since
|     <limits.h> exists even on freestanding compilers.  */
| 
| #ifdef __STDC__
| # include <limits.h>
| #else
| # include <assert.h>
| #endif
| 
| #undef pow
| 
| /* Override any GCC internal prototype to avoid an error.
|    Use char because int might match the return type of a GCC
|    builtin and then its argument prototype would still apply.  */
| #ifdef __cplusplus
| extern "C"
| #endif
| char pow ();
| /* The GNU C library defines this for functions which it implements
|     to always fail with ENOSYS.  Some functions are actually named
|     something starting with __ and the normal name is an alias.  */
| #if defined __stub_pow || defined __stub___pow
| choke me
| #endif
| 
| int
| main ()
| {
| return pow ();
|   ;
|   return 0;
| }
configure:17028: result: no
configure:17028: checking for select
configure:17028: gcc -o conftest -g -O2 -I/usr/local/include/GeographicLib   conftest.c  >&5
configure:17028: $? = 0
configure:17028: result: yes
configure:17028: checking for socket
configure:17028: gcc -o conftest -g -O2 -I/usr/local/include/GeographicLib   conftest.c  >&5
configure:17028: $? = 0
configure:17028: result: yes
configure:17028: checking for sqrt
configure:17028: gcc -o conftest -g -O2 -I/usr/local/include/GeographicLib   conftest.c  >&5
conftest.c:83:6: warning: conflicting types for built-in function 'sqrt' [enabled by default]
/tmp/ccUkwalD.o: In function `main':
/home/training/moto-Sim-Tool/trunk/iTetris/iCS_lte/ics/conftest.c:94: undefined reference to `sqrt'
collect2: ld returned 1 exit status
configure:17028: $? = 1
configure: failed program was:
| /* confdefs.h */
| #define PACKAGE_NAME "iTETRIS"
| #define PACKAGE_TARNAME "itetris"
| #define PACKAGE_VERSION "0.1.0"
| #define PACKAGE_STRING "iTETRIS 0.1.0"
| #define PACKAGE_BUGREPORT ""
| #define PACKAGE_URL ""
| #define PACKAGE "itetris"
| #define VERSION "0.1.0"
| #define SUMOReal float
| #define SUMO_ON 1
| #define NS3_ON 1
| #define APPLICATIONS_ON 1
| #define OUTPUT_ACCURACY 2
| #define STDC_HEADERS 1
| #define HAVE_SYS_TYPES_H 1
| #define HAVE_SYS_STAT_H 1
| #define HAVE_STDLIB_H 1
| #define HAVE_STRING_H 1
| #define HAVE_MEMORY_H 1
| #define HAVE_STRINGS_H 1
| #define HAVE_INTTYPES_H 1
| #define HAVE_STDINT_H 1
| #define HAVE_UNISTD_H 1
| #define HAVE_DLFCN_H 1
| #define LT_OBJDIR ".libs/"
| #define XERCES3_SIZE_t XMLSize_t
| #define VERSION_STRING "0.1.0"
| #define HAVE_ALLOCA_H 1
| #define HAVE_ALLOCA 1
| #define STDC_HEADERS 1
| #define HAVE_FLOAT_H 1
| #define HAVE_LIMITS_H 1
| #define HAVE_MALLOC_H 1
| #define HAVE_MATH_H 1
| #define HAVE_STDDEF_H 1
| #define HAVE_STDLIB_H 1
| #define HAVE_STRING_H 1
| #define HAVE_SYS_TIME_H 1
| #define HAVE_UNISTD_H 1
| #define HAVE_WCHAR_H 1
| #define HAVE__BOOL 1
| #define HAVE_STDBOOL_H 1
| #define TIME_WITH_SYS_TIME 1
| #define HAVE_STDLIB_H 1
| #define HAVE_MALLOC 1
| #define HAVE_SYS_SELECT_H 1
| #define HAVE_SYS_SOCKET_H 1
| #define SELECT_TYPE_ARG1 int
| #define SELECT_TYPE_ARG234 (fd_set *)
| #define SELECT_TYPE_ARG5 (struct timeval *)
| #define RETSIGTYPE void
| #define LSTAT_FOLLOWS_SLASHED_SYMLINK 1
| #define HAVE_GETCWD 1
| #define HAVE_GETTIMEOFDAY 1
| #define HAVE_MEMSET 1
| #define HAVE_SELECT 1
| #define HAVE_SOCKET 1
| /* end confdefs.h.  */
| /* Define sqrt to an innocuous variant, in case <limits.h> declares sqrt.
|    For example, HP-UX 11i <limits.h> declares gettimeofday.  */
| #define sqrt innocuous_sqrt
| 
| /* System header to define __stub macros and hopefully few prototypes,
|     which can conflict with char sqrt (); below.
|     Prefer <limits.h> to <assert.h> if __STDC__ is defined, since
|     <limits.h> exists even on freestanding compilers.  */
| 
| #ifdef __STDC__
| # include <limits.h>
| #else
| # include <assert.h>
| #endif
| 
| #undef sqrt
| 
| /* Override any GCC internal prototype to avoid an error.
|    Use char because int might match the return type of a GCC
|    builtin and then its argument prototype would still apply.  */
| #ifdef __cplusplus
| extern "C"
| #endif
| char sqrt ();
| /* The GNU C library defines this for functions which it implements
|     to always fail with ENOSYS.  Some functions are actually named
|     something starting with __ and the normal name is an alias.  */
| #if defined __stub_sqrt || defined __stub___sqrt
| choke me
| #endif
| 
| int
| main ()
| {
| return sqrt ();
|   ;
|   return 0;
| }
configure:17028: result: no
configure:17183: creating ./config.status

## ---------------------- ##
## Running config.status. ##
## ---------------------- ##

This file was extended by iTETRIS config.status 0.1.0, which was
generated by GNU Autoconf 2.68.  Invocation command line was

  CONFIG_FILES    = 
  CONFIG_HEADERS  = 
  CONFIG_LINKS    = 
  CONFIG_COMMANDS = 
  $ ./config.status 

on ubuntu

config.status:1234: creating src/Makefile
config.status:1234: creating src/foreign/Makefile
config.status:1234: creating src/foreign/mersenne/Makefile
config.status:1234: creating src/foreign/tcpip/Makefile
config.status:1234: creating src/ics/Makefile
config.status:1234: creating src/ics/traffic_sim_communicator/Makefile
config.status:1234: creating src/ics/wirelesscom_sim_communicator/Makefile
config.status:1234: creating src/ics/wirelesscom_sim_message_tracker/Makefile
config.status:1234: creating src/ics/applications_manager/Makefile
config.status:1234: creating src/utils/Makefile
config.status:1234: creating src/utils/common/Makefile
config.status:1234: creating src/utils/iodevices/Makefile
config.status:1234: creating src/utils/options/Makefile
config.status:1234: creating src/utils/xml/Makefile
config.status:1234: creating src/ics/configfile_parsers/Makefile
config.status:1234: creating src/ics/configfile_parsers/sumoMapParser/Makefile
config.status:1234: creating src/utils/ics/geometric/Makefile
config.status:1234: creating src/utils/ics/log/Makefile
config.status:1234: creating src/utils/ics/Makefile
config.status:1234: creating src/ics/facilities/Makefile
config.status:1234: creating src/ics/facilities/mapFacilities/Makefile
config.status:1234: creating src/ics/facilities/mapFacilities/road/Makefile
config.status:1234: creating src/ics/facilities/stationFacilities/Makefile
config.status:1234: creating src/ics/facilities/messageFacilities/Makefile
config.status:1234: creating Makefile
config.status:1234: creating src/config.h
config.status:1415: src/config.h is unchanged
config.status:1463: executing depfiles commands
config.status:1463: executing libtool commands
configure:19712: result: 
configure:19714: result: Optional features summary
configure:19716: result: -------------------------
configure:19718: result: Enabled: SumoOn ns-3On ApplicationsOn
configure:19720: result: Disabled: Debug DoublePrecision LogOn UnitTests

## ---------------- ##
## Cache variables. ##
## ---------------- ##

ac_cv_build=x86_64-unknown-linux-gnu
ac_cv_c_compiler_gnu=yes
ac_cv_c_const=yes
ac_cv_c_inline=inline
ac_cv_c_volatile=yes
ac_cv_cxx_compiler_gnu=yes
ac_cv_env_CCC_set=
ac_cv_env_CCC_value=
ac_cv_env_CC_set=
ac_cv_env_CC_value=
ac_cv_env_CFLAGS_set=
ac_cv_env_CFLAGS_value=
ac_cv_env_CPPFLAGS_set=
ac_cv_env_CPPFLAGS_value=
ac_cv_env_CPP_set=
ac_cv_env_CPP_value=
ac_cv_env_CXXCPP_set=
ac_cv_env_CXXCPP_value=
ac_cv_env_CXXFLAGS_set=
ac_cv_env_CXXFLAGS_value=
ac_cv_env_CXX_set=
ac_cv_env_CXX_value=
ac_cv_env_LDFLAGS_set=
ac_cv_env_LDFLAGS_value=
ac_cv_env_LIBS_set=
ac_cv_env_LIBS_value=
ac_cv_env_PKG_CONFIG_LIBDIR_set=
ac_cv_env_PKG_CONFIG_LIBDIR_value=
ac_cv_env_PKG_CONFIG_PATH_set=
ac_cv_env_PKG_CONFIG_PATH_value=
ac_cv_env_PKG_CONFIG_set=
ac_cv_env_PKG_CONFIG_value=
ac_cv_env_XERCES_CFLAGS_set=
ac_cv_env_XERCES_CFLAGS_value=
ac_cv_env_XERCES_LIBS_set=
ac_cv_env_XERCES_LIBS_value=
ac_cv_env_build_alias_set=
ac_cv_env_build_alias_value=
ac_cv_env_host_alias_set=
ac_cv_env_host_alias_value=
ac_cv_env_target_alias_set=
ac_cv_env_target_alias_value=
ac_cv_func_alloca_works=yes
ac_cv_func_floor=no
ac_cv_func_getcwd=yes
ac_cv_func_gettimeofday=yes
ac_cv_func_lstat_dereferences_slashed_symlink=yes
ac_cv_func_malloc_0_nonnull=yes
ac_cv_func_memset=yes
ac_cv_func_pow=no
ac_cv_func_select=yes
ac_cv_func_select_args='int,fd_set *,struct timeval *'
ac_cv_func_socket=yes
ac_cv_func_sqrt=no
ac_cv_func_stat_empty_string_bug=no
ac_cv_header_dlfcn_h=yes
ac_cv_header_float_h=yes
ac_cv_header_inttypes_h=yes
ac_cv_header_limits_h=yes
ac_cv_header_malloc_h=yes
ac_cv_header_math_h=yes
ac_cv_header_memory_h=yes
ac_cv_header_stdbool_h=yes
ac_cv_header_stdc=yes
ac_cv_header_stddef_h=yes
ac_cv_header_stdint_h=yes
ac_cv_header_stdlib_h=yes
ac_cv_header_string_h=yes
ac_cv_header_strings_h=yes
ac_cv_header_sys_select_h=yes
ac_cv_header_sys_socket_h=yes
ac_cv_header_sys_stat_h=yes
ac_cv_header_sys_time_h=yes
ac_cv_header_sys_types_h=yes
ac_cv_header_time=yes
ac_cv_header_unistd_h=yes
ac_cv_header_wchar_h=yes
ac_cv_header_xercesc_util_XercesVersion_hpp=yes
ac_cv_host=x86_64-unknown-linux-gnu
ac_cv_lib_Geographic___main=yes
ac_cv_lib_error_at_line=yes
ac_cv_lib_xerces_c___main=yes
ac_cv_objext=o
ac_cv_path_EGREP='/bin/grep -E'
ac_cv_path_FGREP='/bin/grep -F'
ac_cv_path_GREP=/bin/grep
ac_cv_path_SED=/bin/sed
ac_cv_path_ac_pt_PKG_CONFIG=/usr/bin/pkg-config
ac_cv_path_install='/usr/bin/install -c'
ac_cv_path_mkdir=/bin/mkdir
ac_cv_prog_AWK=mawk
ac_cv_prog_CPP='gcc -E'
ac_cv_prog_CXXCPP='g++ -E'
ac_cv_prog_ac_ct_AR=ar
ac_cv_prog_ac_ct_CC=gcc
ac_cv_prog_ac_ct_CXX=g++
ac_cv_prog_ac_ct_MANIFEST_TOOL=mt
ac_cv_prog_ac_ct_OBJDUMP=objdump
ac_cv_prog_ac_ct_RANLIB=ranlib
ac_cv_prog_ac_ct_STRIP=strip
ac_cv_prog_cc_c89=
ac_cv_prog_cc_g=yes
ac_cv_prog_cxx_g=yes
ac_cv_prog_make_make_set=yes
ac_cv_struct_tm=time.h
ac_cv_target=x86_64-unknown-linux-gnu
ac_cv_type__Bool=yes
ac_cv_type_signal=void
ac_cv_type_size_t=yes
ac_cv_working_alloca_h=yes
am_cv_CC_dependencies_compiler_type=gcc3
am_cv_CXX_dependencies_compiler_type=gcc3
am_cv_prog_tar_ustar=gnutar
lt_cv_ar_at_file=@
lt_cv_archive_cmds_need_lc=no
lt_cv_deplibs_check_method=pass_all
lt_cv_file_magic_cmd='$MAGIC_CMD'
lt_cv_file_magic_test_file=
lt_cv_ld_reload_flag=-r
lt_cv_nm_interface='BSD nm'
lt_cv_objdir=.libs
lt_cv_path_LD=/usr/bin/ld
lt_cv_path_LDCXX='/usr/bin/ld -m elf_x86_64'
lt_cv_path_NM='/usr/bin/nm -B'
lt_cv_path_mainfest_tool=no
lt_cv_prog_compiler_c_o=yes
lt_cv_prog_compiler_c_o_CXX=yes
lt_cv_prog_compiler_pic='-fPIC -DPIC'
lt_cv_prog_compiler_pic_CXX='-fPIC -DPIC'
lt_cv_prog_compiler_pic_works=yes
lt_cv_prog_compiler_pic_works_CXX=yes
lt_cv_prog_compiler_rtti_exceptions=no
lt_cv_prog_compiler_static_works=yes
lt_cv_prog_compiler_static_works_CXX=yes
lt_cv_prog_gnu_ld=yes
lt_cv_prog_gnu_ldcxx=yes
lt_cv_sharedlib_from_linklib_cmd='printf %s\n'
lt_cv_shlibpath_overrides_runpath=no
lt_cv_sys_global_symbol_pipe='sed -n -e '\''s/^.*[	 ]\([ABCDGIRSTW][ABCDGIRSTW]*\)[	 ][	 ]*\([_A-Za-z][_A-Za-z0-9]*\)$/\1 \2 \2/p'\'' | sed '\''/ __gnu_lto/d'\'''
lt_cv_sys_global_symbol_to_c_name_address='sed -n -e '\''s/^: \([^ ]*\)[ ]*$/  {\"\1\", (void *) 0},/p'\'' -e '\''s/^[ABCDGIRSTW]* \([^ ]*\) \([^ ]*\)$/  {"\2", (void *) \&\2},/p'\'''
lt_cv_sys_global_symbol_to_c_name_address_lib_prefix='sed -n -e '\''s/^: \([^ ]*\)[ ]*$/  {\"\1\", (void *) 0},/p'\'' -e '\''s/^[ABCDGIRSTW]* \([^ ]*\) \(lib[^ ]*\)$/  {"\2", (void *) \&\2},/p'\'' -e '\''s/^[ABCDGIRSTW]* \([^ ]*\) \([^ ]*\)$/  {"lib\2", (void *) \&\2},/p'\'''
lt_cv_sys_global_symbol_to_cdecl='sed -n -e '\''s/^T .* \(.*\)$/extern int \1();/p'\'' -e '\''s/^[ABCDGIRSTW]* .* \(.*\)$/extern char \1;/p'\'''
lt_cv_sys_max_cmd_len=1572864
lt_cv_to_host_file_cmd=func_convert_file_noop
lt_cv_to_tool_file_cmd=func_convert_file_noop
pkg_cv_XERCES_CFLAGS='-I/usr/local/include  '
pkg_cv_XERCES_LIBS='-L/usr/local/lib -lxerces-c  '

## ----------------- ##
## Output variables. ##
## ----------------- ##

ACLOCAL='${SHELL} /home/training/moto-Sim-Tool/trunk/iTetris/iCS_lte/ics/missing --run aclocal-1.11'
ALLOCA=''
AMDEPBACKSLASH='\'
AMDEP_FALSE='#'
AMDEP_TRUE=''
AMTAR='$${TAR-tar}'
AM_CPPFLAGS='-I/home/training/moto-Sim-Tool/trunk/iTetris/iCS_lte/ics/./src -I/usr/local/include/xercesc '
AM_CXXFLAGS=''
AR='ar'
AUTOCONF='${SHELL} /home/training/moto-Sim-Tool/trunk/iTetris/iCS_lte/ics/missing --run autoconf'
AUTOHEADER='${SHELL} /home/training/moto-Sim-Tool/trunk/iTetris/iCS_lte/ics/missing --run autoheader'
AUTOMAKE='${SHELL} /home/training/moto-Sim-Tool/trunk/iTetris/iCS_lte/ics/missing --run automake-1.11'
AWK='mawk'
CC='gcc'
CCDEPMODE='depmode=gcc3'
CFLAGS='-g -O2'
CPP='gcc -E'
CPPFLAGS='-I/usr/local/include/GeographicLib '
CXX='g++'
CXXCPP='g++ -E'
CXXDEPMODE='depmode=gcc3'
CXXFLAGS='-O2 -DNDEBUG '
CYGPATH_W='echo'
DEFS='-DHAVE_CONFIG_H'
DEPDIR='.deps'
DLLTOOL='false'
DSYMUTIL=''
DUMPBIN=''
ECHO_C=''
ECHO_N='-n'
ECHO_T=''
EGREP='/bin/grep -E'
EXEEXT=''
FGREP='/bin/grep -F'
GEOGRAPHIC_LDFLAGS='-L/usr/local/lib'
GREP='/bin/grep'
GTEST_LDFLAGS=''
INSTALL_DATA='${INSTALL} -m 644'
INSTALL_PROGRAM='${INSTALL}'
INSTALL_SCRIPT='${INSTALL}'
INSTALL_STRIP_PROGRAM='$(install_sh) -c -s'
LD='/usr/bin/ld -m elf_x86_64'
LDFLAGS=''
LIBOBJS=''
LIBS=''
LIBTOOL='$(SHELL) $(top_builddir)/libtool'
LIB_GEOGRAPHIC='Geographic'
LIB_GTEST=''
LIB_XERCES='xerces-c'
LIPO=''
LN_S='ln -s'
LTLIBOBJS=''
MAKEINFO='${SHELL} /home/training/moto-Sim-Tool/trunk/iTetris/iCS_lte/ics/missing --run makeinfo'
MANIFEST_TOOL=':'
MKDIR_P='/bin/mkdir -p'
NM='/usr/bin/nm -B'
NMEDIT=''
OBJDUMP='objdump'
OBJEXT='o'
OTOOL64=''
OTOOL=''
PACKAGE='itetris'
PACKAGE_BUGREPORT=''
PACKAGE_NAME='iTETRIS'
PACKAGE_STRING='iTETRIS 0.1.0'
PACKAGE_TARNAME='itetris'
PACKAGE_URL=''
PACKAGE_VERSION='0.1.0'
PATH_SEPARATOR=':'
PKG_CONFIG='/usr/bin/pkg-config'
PKG_CONFIG_LIBDIR=''
PKG_CONFIG_PATH=''
RANLIB='ranlib'
SED='/bin/sed'
SET_MAKE=''
SHELL='/bin/bash'
STRIP='strip'
VERSION='0.1.0'
WITH_GTEST_FALSE=''
WITH_GTEST_TRUE='#'
WITH_VERSION_H_FALSE=''
WITH_VERSION_H_TRUE='#'
XERCES_CFLAGS='-I/usr/local/include  '
XERCES_LDFLAGS='-L/usr/local/lib'
XERCES_LIBS='-L/usr/local/lib -lxerces-c  '
ac_ct_AR='ar'
ac_ct_CC='gcc'
ac_ct_CXX='g++'
ac_ct_DUMPBIN=''
am__EXEEXT_FALSE=''
am__EXEEXT_TRUE='#'
am__fastdepCC_FALSE='#'
am__fastdepCC_TRUE=''
am__fastdepCXX_FALSE='#'
am__fastdepCXX_TRUE=''
am__include='include'
am__isrc=''
am__leading_dot='.'
am__nodep='_no'
am__quote=''
am__tar='tar --format=ustar -chf - "$$tardir"'
am__untar='tar -xf -'
bindir='${exec_prefix}/bin'
build='x86_64-unknown-linux-gnu'
build_alias=''
build_cpu='x86_64'
build_os='linux-gnu'
build_vendor='unknown'
datadir='${datarootdir}'
datarootdir='${prefix}/share'
docdir='${datarootdir}/doc/${PACKAGE_TARNAME}'
dvidir='${docdir}'
exec_prefix='${prefix}'
host='x86_64-unknown-linux-gnu'
host_alias=''
host_cpu='x86_64'
host_os='linux-gnu'
host_vendor='unknown'
htmldir='${docdir}'
includedir='${prefix}/include'
infodir='${datarootdir}/info'
install_sh='${SHELL} /home/training/moto-Sim-Tool/trunk/iTetris/iCS_lte/ics/install-sh'
libdir='${exec_prefix}/lib'
libexecdir='${exec_prefix}/libexec'
localedir='${datarootdir}/locale'
localstatedir='${prefix}/var'
mandir='${datarootdir}/man'
mkdir_p='/bin/mkdir -p'
oldincludedir='/usr/include'
pdfdir='${docdir}'
prefix='/usr/local'
program_transform_name='s,x,x,'
psdir='${docdir}'
sbindir='${exec_prefix}/sbin'
sharedstatedir='${prefix}/com'
sysconfdir='${prefix}/etc'
target='x86_64-unknown-linux-gnu'
target_alias=''
target_cpu='x86_64'
target_os='linux-gnu'
target_vendor='unknown'

## ----------- ##
## confdefs.h. ##
## ----------- ##

/* confdefs.h */
#define PACKAGE_NAME "iTETRIS"
#define PACKAGE_TARNAME "itetris"
#define PACKAGE_VERSION "0.1.0"
#define PACKAGE_STRING "iTETRIS 0.1.0"
#define PACKAGE_BUGREPORT ""
#define PACKAGE_URL ""
#define PACKAGE "itetris"
#define VERSION "0.1.0"
#define SUMOReal float
#define SUMO_ON 1
#define NS3_ON 1
#define APPLICATIONS_ON 1
#define OUTPUT_ACCURACY 2
#define STDC_HEADERS 1
#define HAVE_SYS_TYPES_H 1
#define HAVE_SYS_STAT_H 1
#define HAVE_STDLIB_H 1
#define HAVE_STRING_H 1
#define HAVE_MEMORY_H 1
#define HAVE_STRINGS_H 1
#define HAVE_INTTYPES_H 1
#define HAVE_STDINT_H 1
#define HAVE_UNISTD_H 1
#define HAVE_DLFCN_H 1
#define LT_OBJDIR ".libs/"
#define XERCES3_SIZE_t XMLSize_t
#define VERSION_STRING "0.1.0"
#define HAVE_ALLOCA_H 1
#define HAVE_ALLOCA 1
#define STDC_HEADERS 1
#define HAVE_FLOAT_H 1
#define HAVE_LIMITS_H 1
#define HAVE_MALLOC_H 1
#define HAVE_MATH_H 1
#define HAVE_STDDEF_H 1
#define HAVE_STDLIB_H 1
#define HAVE_STRING_H 1
#define HAVE_SYS_TIME_H 1
#define HAVE_UNISTD_H 1
#define HAVE_WCHAR_H 1
#define HAVE__BOOL 1
#define HAVE_STDBOOL_H 1
#define TIME_WITH_SYS_TIME 1
#define HAVE_STDLIB_H 1
#define HAVE_MALLOC 1
#define HAVE_SYS_SELECT_H 1
#define HAVE_SYS_SOCKET_H 1
#define SELECT_TYPE_ARG1 int
#define SELECT_TYPE_ARG234 (fd_set *)
#define SELECT_TYPE_ARG5 (struct timeval *)
#define RETSIGTYPE void
#define LSTAT_FOLLOWS_SLASHED_SYMLINK 1
#define HAVE_GETCWD 1
#define HAVE_GETTIMEOFDAY 1
#define HAVE_MEMSET 1
#define HAVE_SELECT 1
#define HAVE_SOCKET 1

configure: exit 0
